0
-1
0 3
[[0, 0, 0, -0.9], [0, 0, 0, 0], [0, 0, 0, 0], [0, 0, 0, 0], [0, 0, 0, 0], [0, 0, 0, 0], [0, 0, 0, 0], [0, 0, 0, 0], [0, 0, 0, 0], [0, 0, 0, 0], [0, 0, 0, 0], [0, 0, 0, 0], [0, 0, 0, 0], [0, 0, 0, 0], [0, 0, 0, 0], [0, 0, 0, 0]]
1
0
0 3
[[0, 0, 0, -1.53], [0, 0, 0, 0], [0, 0, 0, 0], [0, 0, 0, 0], [0, 0, 0, 0], [0, 0, 0, 0], [0, 0, 0, 0], [0, 0, 0, 0], [0, 0, 0, 0], [0, 0, 0, 0], [0, 0, 0, 0], [0, 0, 0, 0], [0, 0, 0, 0], [0, 0, 0, 0], [0, 0, 0, 0], [0, 0, 0, 0]]
2
1
0 3
[[0, 0, 0, -1.971], [0, 0, 0, 0], [0, 0, 0, 0], [0, 0, 0, 0], [0, 0, 0, 0], [0, 0, 0, 0], [0, 0, 0, 0], [0, 0, 0, 0], [0, 0, 0, 0], [0, 0, 0, 0], [0, 0, 0, 0], [0, 0, 0, 0], [0, 0, 0, 0], [0, 0, 0, 0], [0, 0, 0, 0], [0, 0, 0, 0]]
3
2
0 1
[[0, -0.9, 0, -1.971], [0, 0, 0, 0], [0, 0, 0, 0], [0, 0, 0, 0], [0, 0, 0, 0], [0, 0, 0, 0], [0, 0, 0, 0], [0, 0, 0, 0], [0, 0, 0, 0], [0, 0, 0, 0], [0, 0, 0, 0], [0, 0, 0, 0], [0, 0, 0, 0], [0, 0, 0, 0], [0, 0, 0, 0], [0, 0, 0, 0]]
4
3
0 1
[[0, -1.53, 0, -1.971], [0, 0, 0, 0], [0, 0, 0, 0], [0, 0, 0, 0], [0, 0, 0, 0], [0, 0, 0, 0], [0, 0, 0, 0], [0, 0, 0, 0], [0, 0, 0, 0], [0, 0, 0, 0], [0, 0, 0, 0], [0, 0, 0, 0], [0, 0, 0, 0], [0, 0, 0, 0], [0, 0, 0, 0], [0, 0, 0, 0]]
1
0 2
[[0, -1.53, -0.3, -1.971], [0, 0, 0, 0], [0, 0, 0, 0], [0, 0, 0, 0], [0, 0, 0, 0], [0, 0, 0, 0], [0, 0, 0, 0], [0, 0, 0, 0], [0, 0, 0, 0], [0, 0, 0, 0], [0, 0, 0, 0], [0, 0, 0, 0], [0, 0, 0, 0], [0, 0, 0, 0], [0, 0, 0, 0], [0, 0, 0, 0]]
1
1 2
[[0, -1.53, -0.3, -1.971], [0, 0, -0.3, 0], [0, 0, 0, 0], [0, 0, 0, 0], [0, 0, 0, 0], [0, 0, 0, 0], [0, 0, 0, 0], [0, 0, 0, 0], [0, 0, 0, 0], [0, 0, 0, 0], [0, 0, 0, 0], [0, 0, 0, 0], [0, 0, 0, 0], [0, 0, 0, 0], [0, 0, 0, 0], [0, 0, 0, 0]]
7
6
2 1
[[0, -1.53, -0.3, -1.971], [0, 0, -0.3, 0], [0, -0.9, 0, 0], [0, 0, 0, 0], [0, 0, 0, 0], [0, 0, 0, 0], [0, 0, 0, 0], [0, 0, 0, 0], [0, 0, 0, 0], [0, 0, 0, 0], [0, 0, 0, 0], [0, 0, 0, 0], [0, 0, 0, 0], [0, 0, 0, 0], [0, 0, 0, 0], [0, 0, 0, 0]]
-1
2 3
[[0, -1.53, -0.3, -1.971], [0, 0, -0.3, 0], [0, -0.9, 0, -0.3], [0, 0, 0, 0], [0, 0, 0, 0], [0, 0, 0, 0], [0, 0, 0, 0], [0, 0, 0, 0], [0, 0, 0, 0], [0, 0, 0, 0], [0, 0, 0, 0], [0, 0, 0, 0], [0, 0, 0, 0], [0, 0, 0, 0], [0, 0, 0, 0], [0, 0, 0, 0]]
1
1 2
[[0, -1.53, -0.3, -1.971], [0, 0, -0.51, 0], [0, -0.9, 0, -0.3], [0, 0, 0, 0], [0, 0, 0, 0], [0, 0, 0, 0], [0, 0, 0, 0], [0, 0, 0, 0], [0, 0, 0, 0], [0, 0, 0, 0], [0, 0, 0, 0], [0, 0, 0, 0], [0, 0, 0, 0], [0, 0, 0, 0], [0, 0, 0, 0], [0, 0, 0, 0]]
1
2 2
[[0, -1.53, -0.3, -1.971], [0, 0, -0.51, 0], [0, -0.9, -0.3, -0.3], [0, 0, 0, 0], [0, 0, 0, 0], [0, 0, 0, 0], [0, 0, 0, 0], [0, 0, 0, 0], [0, 0, 0, 0], [0, 0, 0, 0], [0, 0, 0, 0], [0, 0, 0, 0], [0, 0, 0, 0], [0, 0, 0, 0], [0, 0, 0, 0], [0, 0, 0, 0]]
11
10
3 1
[[0, -1.53, -0.3, -1.971], [0, 0, -0.51, 0], [0, -0.9, -0.3, -0.3], [0, -0.9, 0, 0], [0, 0, 0, 0], [0, 0, 0, 0], [0, 0, 0, 0], [0, 0, 0, 0], [0, 0, 0, 0], [0, 0, 0, 0], [0, 0, 0, 0], [0, 0, 0, 0], [0, 0, 0, 0], [0, 0, 0, 0], [0, 0, 0, 0], [0, 0, 0, 0]]
12
11
3 1
[[0, -1.53, -0.3, -1.971], [0, 0, -0.51, 0], [0, -0.9, -0.3, -0.3], [0, -1.53, 0, 0], [0, 0, 0, 0], [0, 0, 0, 0], [0, 0, 0, 0], [0, 0, 0, 0], [0, 0, 0, 0], [0, 0, 0, 0], [0, 0, 0, 0], [0, 0, 0, 0], [0, 0, 0, 0], [0, 0, 0, 0], [0, 0, 0, 0], [0, 0, 0, 0]]
-1
3 3
[[0, -1.53, -0.3, -1.971], [0, 0, -0.51, 0], [0, -0.9, -0.3, -0.3], [0, -1.53, 0, -0.3], [0, 0, 0, 0], [0, 0, 0, 0], [0, 0, 0, 0], [0, 0, 0, 0], [0, 0, 0, 0], [0, 0, 0, 0], [0, 0, 0, 0], [0, 0, 0, 0], [0, 0, 0, 0], [0, 0, 0, 0], [0, 0, 0, 0], [0, 0, 0, 0]]
1
2 0
[[0, -1.53, -0.3, -1.971], [0, 0, -0.51, 0], [-0.3, -0.9, -0.3, -0.3], [0, -1.53, 0, -0.3], [0, 0, 0, 0], [0, 0, 0, 0], [0, 0, 0, 0], [0, 0, 0, 0], [0, 0, 0, 0], [0, 0, 0, 0], [0, 0, 0, 0], [0, 0, 0, 0], [0, 0, 0, 0], [0, 0, 0, 0], [0, 0, 0, 0], [0, 0, 0, 0]]
-1
6 3
[[0, -1.53, -0.3, -1.971], [0, 0, -0.51, 0], [-0.3, -0.9, -0.3, -0.3], [0, -1.53, 0, -0.3], [0, 0, 0, 0], [0, 0, 0, 0], [0, 0, 0, -0.3], [0, 0, 0, 0], [0, 0, 0, 0], [0, 0, 0, 0], [0, 0, 0, 0], [0, 0, 0, 0], [0, 0, 0, 0], [0, 0, 0, 0], [0, 0, 0, 0], [0, 0, 0, 0]]
1
5 1
[[0, -1.53, -0.3, -1.971], [0, 0, -0.51, 0], [-0.3, -0.9, -0.3, -0.3], [0, -1.53, 0, -0.3], [0, 0, 0, 0], [0, -0.3, 0, 0], [0, 0, 0, -0.3], [0, 0, 0, 0], [0, 0, 0, 0], [0, 0, 0, 0], [0, 0, 0, 0], [0, 0, 0, 0], [0, 0, 0, 0], [0, 0, 0, 0], [0, 0, 0, 0], [0, 0, 0, 0]]
17
16
1 1
[[0, -1.53, -0.3, -1.971], [0, -0.9, -0.51, 0], [-0.3, -0.9, -0.3, -0.3], [0, -1.53, 0, -0.3], [0, 0, 0, 0], [0, -0.3, 0, 0], [0, 0, 0, -0.3], [0, 0, 0, 0], [0, 0, 0, 0], [0, 0, 0, 0], [0, 0, 0, 0], [0, 0, 0, 0], [0, 0, 0, 0], [0, 0, 0, 0], [0, 0, 0, 0], [0, 0, 0, 0]]
-1
1 3
[[0, -1.53, -0.3, -1.971], [0, -0.9, -0.51, -0.3], [-0.3, -0.9, -0.3, -0.3], [0, -1.53, 0, -0.3], [0, 0, 0, 0], [0, -0.3, 0, 0], [0, 0, 0, -0.3], [0, 0, 0, 0], [0, 0, 0, 0], [0, 0, 0, 0], [0, 0, 0, 0], [0, 0, 0, 0], [0, 0, 0, 0], [0, 0, 0, 0], [0, 0, 0, 0], [0, 0, 0, 0]]
-1
0 0
[[-0.3, -1.53, -0.3, -1.971], [0, -0.9, -0.51, -0.3], [-0.3, -0.9, -0.3, -0.3], [0, -1.53, 0, -0.3], [0, 0, 0, 0], [0, -0.3, 0, 0], [0, 0, 0, -0.3], [0, 0, 0, 0], [0, 0, 0, 0], [0, 0, 0, 0], [0, 0, 0, 0], [0, 0, 0, 0], [0, 0, 0, 0], [0, 0, 0, 0], [0, 0, 0, 0], [0, 0, 0, 0]]
1
4 2
[[-0.3, -1.53, -0.3, -1.971], [0, -0.9, -0.51, -0.3], [-0.3, -0.9, -0.3, -0.3], [0, -1.53, 0, -0.3], [0, 0, -0.3, 0], [0, -0.3, 0, 0], [0, 0, 0, -0.3], [0, 0, 0, 0], [0, 0, 0, 0], [0, 0, 0, 0], [0, 0, 0, 0], [0, 0, 0, 0], [0, 0, 0, 0], [0, 0, 0, 0], [0, 0, 0, 0], [0, 0, 0, 0]]
-1
5 0
[[-0.3, -1.53, -0.3, -1.971], [0, -0.9, -0.51, -0.3], [-0.3, -0.9, -0.3, -0.3], [0, -1.53, 0, -0.3], [0, 0, -0.3, 0], [-0.3, -0.3, 0, 0], [0, 0, 0, -0.3], [0, 0, 0, 0], [0, 0, 0, 0], [0, 0, 0, 0], [0, 0, 0, 0], [0, 0, 0, 0], [0, 0, 0, 0], [0, 0, 0, 0], [0, 0, 0, 0], [0, 0, 0, 0]]
-1
9 0
[[-0.3, -1.53, -0.3, -1.971], [0, -0.9, -0.51, -0.3], [-0.3, -0.9, -0.3, -0.3], [0, -1.53, 0, -0.3], [0, 0, -0.3, 0], [-0.3, -0.3, 0, 0], [0, 0, 0, -0.3], [0, 0, 0, 0], [0, 0, 0, 0], [-0.3, 0, 0, 0], [0, 0, 0, 0], [0, 0, 0, 0], [0, 0, 0, 0], [0, 0, 0, 0], [0, 0, 0, 0], [0, 0, 0, 0]]
0
-1
0 3
[[-0.3, -1.53, -0.3, -2.2797], [0, -0.9, -0.51, -0.3], [-0.3, -0.9, -0.3, -0.3], [0, -1.53, 0, -0.3], [0, 0, -0.3, 0], [-0.3, -0.3, 0, 0], [0, 0, 0, -0.3], [0, 0, 0, 0], [0, 0, 0, 0], [-0.3, 0, 0, 0], [0, 0, 0, 0], [0, 0, 0, 0], [0, 0, 0, 0], [0, 0, 0, 0], [0, 0, 0, 0], [0, 0, 0, 0]]
1
0
0 3
[[-0.3, -1.53, -0.3, -2.49579], [0, -0.9, -0.51, -0.3], [-0.3, -0.9, -0.3, -0.3], [0, -1.53, 0, -0.3], [0, 0, -0.3, 0], [-0.3, -0.3, 0, 0], [0, 0, 0, -0.3], [0, 0, 0, 0], [0, 0, 0, 0], [-0.3, 0, 0, 0], [0, 0, 0, 0], [0, 0, 0, 0], [0, 0, 0, 0], [0, 0, 0, 0], [0, 0, 0, 0], [0, 0, 0, 0]]
2
1
0 1
[[-0.3, -1.971, -0.3, -2.49579], [0, -0.9, -0.51, -0.3], [-0.3, -0.9, -0.3, -0.3], [0, -1.53, 0, -0.3], [0, 0, -0.3, 0], [-0.3, -0.3, 0, 0], [0, 0, 0, -0.3], [0, 0, 0, 0], [0, 0, 0, 0], [-0.3, 0, 0, 0], [0, 0, 0, 0], [0, 0, 0, 0], [0, 0, 0, 0], [0, 0, 0, 0], [0, 0, 0, 0], [0, 0, 0, 0]]
-1
0 0
[[-0.51, -1.971, -0.3, -2.49579], [0, -0.9, -0.51, -0.3], [-0.3, -0.9, -0.3, -0.3], [0, -1.53, 0, -0.3], [0, 0, -0.3, 0], [-0.3, -0.3, 0, 0], [0, 0, 0, -0.3], [0, 0, 0, 0], [0, 0, 0, 0], [-0.3, 0, 0, 0], [0, 0, 0, 0], [0, 0, 0, 0], [0, 0, 0, 0], [0, 0, 0, 0], [0, 0, 0, 0], [0, 0, 0, 0]]
1
4 1
[[-0.51, -1.971, -0.3, -2.49579], [0, -0.9, -0.51, -0.3], [-0.3, -0.9, -0.3, -0.3], [0, -1.53, 0, -0.3], [0, 0.24, -0.3, 0], [-0.3, -0.3, 0, 0], [0, 0, 0, -0.3], [0, 0, 0, 0], [0, 0, 0, 0], [-0.3, 0, 0, 0], [0, 0, 0, 0], [0, 0, 0, 0], [0, 0, 0, 0], [0, 0, 0, 0], [0, 0, 0, 0], [0, 0, 0, 0]]
5
4
0 3
[[-0.51, -1.971, -0.3, -2.107053], [0, -0.9, -0.51, -0.3], [-0.3, -0.9, -0.3, -0.3], [0, -1.53, 0, -0.3], [0, 0.24, -0.3, 0], [-0.3, -0.3, 0, 0], [0, 0, 0, -0.3], [0, 0, 0, 0], [0, 0, 0, 0], [-0.3, 0, 0, 0], [0, 0, 0, 0], [0, 0, 0, 0], [0, 0, 0, 0], [0, 0, 0, 0], [0, 0, 0, 0], [0, 0, 0, 0]]
6
5
0 3
[[-0.51, -1.971, -0.3, -1.834937099999999], [0, -0.9, -0.51, -0.3], [-0.3, -0.9, -0.3, -0.3], [0, -1.53, 0, -0.3], [0, 0.24, -0.3, 0], [-0.3, -0.3, 0, 0], [0, 0, 0, -0.3], [0, 0, 0, 0], [0, 0, 0, 0], [-0.3, 0, 0, 0], [0, 0, 0, 0], [0, 0, 0, 0], [0, 0, 0, 0], [0, 0, 0, 0], [0, 0, 0, 0], [0, 0, 0, 0]]
1
0 2
[[-0.51, -1.971, -0.51, -1.834937099999999], [0, -0.9, -0.51, -0.3], [-0.3, -0.9, -0.3, -0.3], [0, -1.53, 0, -0.3], [0, 0.24, -0.3, 0], [-0.3, -0.3, 0, 0], [0, 0, 0, -0.3], [0, 0, 0, 0], [0, 0, 0, 0], [-0.3, 0, 0, 0], [0, 0, 0, 0], [0, 0, 0, 0], [0, 0, 0, 0], [0, 0, 0, 0], [0, 0, 0, 0], [0, 0, 0, 0]]
8
7
1 1
[[-0.51, -1.971, -0.51, -1.834937099999999], [0, -1.53, -0.51, -0.3], [-0.3, -0.9, -0.3, -0.3], [0, -1.53, 0, -0.3], [0, 0.24, -0.3, 0], [-0.3, -0.3, 0, 0], [0, 0, 0, -0.3], [0, 0, 0, 0], [0, 0, 0, 0], [-0.3, 0, 0, 0], [0, 0, 0, 0], [0, 0, 0, 0], [0, 0, 0, 0], [0, 0, 0, 0], [0, 0, 0, 0], [0, 0, 0, 0]]
9
8
1 1
[[-0.51, -1.971, -0.51, -1.834937099999999], [0, -1.971, -0.51, -0.3], [-0.3, -0.9, -0.3, -0.3], [0, -1.53, 0, -0.3], [0, 0.24, -0.3, 0], [-0.3, -0.3, 0, 0], [0, 0, 0, -0.3], [0, 0, 0, 0], [0, 0, 0, 0], [-0.3, 0, 0, 0], [0, 0, 0, 0], [0, 0, 0, 0], [0, 0, 0, 0], [0, 0, 0, 0], [0, 0, 0, 0], [0, 0, 0, 0]]
-1
1 0
[[-0.51, -1.971, -0.51, -1.834937099999999], [0.24, -1.971, -0.51, -0.3], [-0.3, -0.9, -0.3, -0.3], [0, -1.53, 0, -0.3], [0, 0.24, -0.3, 0], [-0.3, -0.3, 0, 0], [0, 0, 0, -0.3], [0, 0, 0, 0], [0, 0, 0, 0], [-0.3, 0, 0, 0], [0, 0, 0, 0], [0, 0, 0, 0], [0, 0, 0, 0], [0, 0, 0, 0], [0, 0, 0, 0], [0, 0, 0, 0]]
-1
5 0
[[-0.51, -1.971, -0.51, -1.834937099999999], [0.24, -1.971, -0.51, -0.3], [-0.3, -0.9, -0.3, -0.3], [0, -1.53, 0, -0.3], [0, 0.24, -0.3, 0], [-0.24, -0.3, 0, 0], [0, 0, 0, -0.3], [0, 0, 0, 0], [0, 0, 0, 0], [-0.3, 0, 0, 0], [0, 0, 0, 0], [0, 0, 0, 0], [0, 0, 0, 0], [0, 0, 0, 0], [0, 0, 0, 0], [0, 0, 0, 0]]
1
9 1
[[-0.51, -1.971, -0.51, -1.834937099999999], [0.24, -1.971, -0.51, -0.3], [-0.3, -0.9, -0.3, -0.3], [0, -1.53, 0, -0.3], [0, 0.24, -0.3, 0], [-0.24, -0.3, 0, 0], [0, 0, 0, -0.3], [0, 0, 0, 0], [0, 0, 0, 0], [-0.3, 0.24, 0, 0], [0, 0, 0, 0], [0, 0, 0, 0], [0, 0, 0, 0], [0, 0, 0, 0], [0, 0, 0, 0], [0, 0, 0, 0]]
-1
5 0
[[-0.51, -1.971, -0.51, -1.834937099999999], [0.24, -1.971, -0.51, -0.3], [-0.3, -0.9, -0.3, -0.3], [0, -1.53, 0, -0.3], [0, 0.24, -0.3, 0], [-0.198, -0.3, 0, 0], [0, 0, 0, -0.3], [0, 0, 0, 0], [0, 0, 0, 0], [-0.3, 0.24, 0, 0], [0, 0, 0, 0], [0, 0, 0, 0], [0, 0, 0, 0], [0, 0, 0, 0], [0, 0, 0, 0], [0, 0, 0, 0]]
1
9 1
[[-0.51, -1.971, -0.51, -1.834937099999999], [0.24, -1.971, -0.51, -0.3], [-0.3, -0.9, -0.3, -0.3], [0, -1.53, 0, -0.3], [0, 0.24, -0.3, 0], [-0.198, -0.3, 0, 0], [0, 0, 0, -0.3], [0, 0, 0, 0], [0, 0, 0, 0], [-0.3, 0.408, 0, 0], [0, 0, 0, 0], [0, 0, 0, 0], [0, 0, 0, 0], [0, 0, 0, 0], [0, 0, 0, 0], [0, 0, 0, 0]]
1
5 1
[[-0.51, -1.971, -0.51, -1.834937099999999], [0.24, -1.971, -0.51, -0.3], [-0.3, -0.9, -0.3, -0.3], [0, -1.53, 0, -0.3], [0, 0.24, -0.3, 0], [-0.198, -0.51, 0, 0], [0, 0, 0, -0.3], [0, 0, 0, 0], [0, 0, 0, 0], [-0.3, 0.408, 0, 0], [0, 0, 0, 0], [0, 0, 0, 0], [0, 0, 0, 0], [0, 0, 0, 0], [0, 0, 0, 0], [0, 0, 0, 0]]
16
15
1 1
[[-0.51, -1.971, -0.51, -1.834937099999999], [0.24, -2.2797, -0.51, -0.3], [-0.3, -0.9, -0.3, -0.3], [0, -1.53, 0, -0.3], [0, 0.24, -0.3, 0], [-0.198, -0.51, 0, 0], [0, 0, 0, -0.3], [0, 0, 0, 0], [0, 0, 0, 0], [-0.3, 0.408, 0, 0], [0, 0, 0, 0], [0, 0, 0, 0], [0, 0, 0, 0], [0, 0, 0, 0], [0, 0, 0, 0], [0, 0, 0, 0]]
1
1 2
[[-0.51, -1.971, -0.51, -1.834937099999999], [0.24, -2.2797, -0.657, -0.3], [-0.3, -0.9, -0.3, -0.3], [0, -1.53, 0, -0.3], [0, 0.24, -0.3, 0], [-0.198, -0.51, 0, 0], [0, 0, 0, -0.3], [0, 0, 0, 0], [0, 0, 0, 0], [-0.3, 0.408, 0, 0], [0, 0, 0, 0], [0, 0, 0, 0], [0, 0, 0, 0], [0, 0, 0, 0], [0, 0, 0, 0], [0, 0, 0, 0]]
-1
2 3
[[-0.51, -1.971, -0.51, -1.834937099999999], [0.24, -2.2797, -0.657, -0.3], [-0.3, -0.9, -0.3, -0.51], [0, -1.53, 0, -0.3], [0, 0.24, -0.3, 0], [-0.198, -0.51, 0, 0], [0, 0, 0, -0.3], [0, 0, 0, 0], [0, 0, 0, 0], [-0.3, 0.408, 0, 0], [0, 0, 0, 0], [0, 0, 0, 0], [0, 0, 0, 0], [0, 0, 0, 0], [0, 0, 0, 0], [0, 0, 0, 0]]
1
1 2
[[-0.51, -1.971, -0.51, -1.834937099999999], [0.24, -2.2797, -0.7599, -0.3], [-0.3, -0.9, -0.3, -0.51], [0, -1.53, 0, -0.3], [0, 0.24, -0.3, 0], [-0.198, -0.51, 0, 0], [0, 0, 0, -0.3], [0, 0, 0, 0], [0, 0, 0, 0], [-0.3, 0.408, 0, 0], [0, 0, 0, 0], [0, 0, 0, 0], [0, 0, 0, 0], [0, 0, 0, 0], [0, 0, 0, 0], [0, 0, 0, 0]]
-1
2 3
[[-0.51, -1.971, -0.51, -1.834937099999999], [0.24, -2.2797, -0.7599, -0.3], [-0.3, -0.9, -0.3, -0.657], [0, -1.53, 0, -0.3], [0, 0.24, -0.3, 0], [-0.198, -0.51, 0, 0], [0, 0, 0, -0.3], [0, 0, 0, 0], [0, 0, 0, 0], [-0.3, 0.408, 0, 0], [0, 0, 0, 0], [0, 0, 0, 0], [0, 0, 0, 0], [0, 0, 0, 0], [0, 0, 0, 0], [0, 0, 0, 0]]
21
20
1 1
[[-0.51, -1.971, -0.51, -1.834937099999999], [0.24, -2.49579, -0.7599, -0.3], [-0.3, -0.9, -0.3, -0.657], [0, -1.53, 0, -0.3], [0, 0.24, -0.3, 0], [-0.198, -0.51, 0, 0], [0, 0, 0, -0.3], [0, 0, 0, 0], [0, 0, 0, 0], [-0.3, 0.408, 0, 0], [0, 0, 0, 0], [0, 0, 0, 0], [0, 0, 0, 0], [0, 0, 0, 0], [0, 0, 0, 0], [0, 0, 0, 0]]
1
1 2
[[-0.51, -1.971, -0.51, -1.834937099999999], [0.24, -2.49579, -0.83193, -0.3], [-0.3, -0.9, -0.3, -0.657], [0, -1.53, 0, -0.3], [0, 0.24, -0.3, 0], [-0.198, -0.51, 0, 0], [0, 0, 0, -0.3], [0, 0, 0, 0], [0, 0, 0, 0], [-0.3, 0.408, 0, 0], [0, 0, 0, 0], [0, 0, 0, 0], [0, 0, 0, 0], [0, 0, 0, 0], [0, 0, 0, 0], [0, 0, 0, 0]]
1
0 2
[[-0.51, -1.971, -0.657, -1.834937099999999], [0.24, -2.49579, -0.83193, -0.3], [-0.3, -0.9, -0.3, -0.657], [0, -1.53, 0, -0.3], [0, 0.24, -0.3, 0], [-0.198, -0.51, 0, 0], [0, 0, 0, -0.3], [0, 0, 0, 0], [0, 0, 0, 0], [-0.3, 0.408, 0, 0], [0, 0, 0, 0], [0, 0, 0, 0], [0, 0, 0, 0], [0, 0, 0, 0], [0, 0, 0, 0], [0, 0, 0, 0]]
1
1 2
[[-0.51, -1.971, -0.657, -1.834937099999999], [0.24, -2.49579, -0.8823509999999999, -0.3], [-0.3, -0.9, -0.3, -0.657], [0, -1.53, 0, -0.3], [0, 0.24, -0.3, 0], [-0.198, -0.51, 0, 0], [0, 0, 0, -0.3], [0, 0, 0, 0], [0, 0, 0, 0], [-0.3, 0.408, 0, 0], [0, 0, 0, 0], [0, 0, 0, 0], [0, 0, 0, 0], [0, 0, 0, 0], [0, 0, 0, 0], [0, 0, 0, 0]]
2
1
2 1
[[-0.51, -1.971, -0.657, -1.834937099999999], [0.24, -2.49579, -0.8823509999999999, -0.3], [-0.3, -1.53, -0.3, -0.657], [0, -1.53, 0, -0.3], [0, 0.24, -0.3, 0], [-0.198, -0.51, 0, 0], [0, 0, 0, -0.3], [0, 0, 0, 0], [0, 0, 0, 0], [-0.3, 0.408, 0, 0], [0, 0, 0, 0], [0, 0, 0, 0], [0, 0, 0, 0], [0, 0, 0, 0], [0, 0, 0, 0], [0, 0, 0, 0]]
3
2
2 1
[[-0.51, -1.971, -0.657, -1.834937099999999], [0.24, -2.49579, -0.8823509999999999, -0.3], [-0.3, -1.971, -0.3, -0.657], [0, -1.53, 0, -0.3], [0, 0.24, -0.3, 0], [-0.198, -0.51, 0, 0], [0, 0, 0, -0.3], [0, 0, 0, 0], [0, 0, 0, 0], [-0.3, 0.408, 0, 0], [0, 0, 0, 0], [0, 0, 0, 0], [0, 0, 0, 0], [0, 0, 0, 0], [0, 0, 0, 0], [0, 0, 0, 0]]
1
2 0
[[-0.51, -1.971, -0.657, -1.834937099999999], [0.24, -2.49579, -0.8823509999999999, -0.3], [-0.51, -1.971, -0.3, -0.657], [0, -1.53, 0, -0.3], [0, 0.24, -0.3, 0], [-0.198, -0.51, 0, 0], [0, 0, 0, -0.3], [0, 0, 0, 0], [0, 0, 0, 0], [-0.3, 0.408, 0, 0], [0, 0, 0, 0], [0, 0, 0, 0], [0, 0, 0, 0], [0, 0, 0, 0], [0, 0, 0, 0], [0, 0, 0, 0]]
1
6 2
[[-0.51, -1.971, -0.657, -1.834937099999999], [0.24, -2.49579, -0.8823509999999999, -0.3], [-0.51, -1.971, -0.3, -0.657], [0, -1.53, 0, -0.3], [0, 0.24, -0.3, 0], [-0.198, -0.51, 0, 0], [0, 0, -0.3, -0.3], [0, 0, 0, 0], [0, 0, 0, 0], [-0.3, 0.408, 0, 0], [0, 0, 0, 0], [0, 0, 0, 0], [0, 0, 0, 0], [0, 0, 0, 0], [0, 0, 0, 0], [0, 0, 0, 0]]
-1
7 3
[[-0.51, -1.971, -0.657, -1.834937099999999], [0.24, -2.49579, -0.8823509999999999, -0.3], [-0.51, -1.971, -0.3, -0.657], [0, -1.53, 0, -0.3], [0, 0.24, -0.3, 0], [-0.198, -0.51, 0, 0], [0, 0, -0.3, -0.3], [0, 0, 0, -0.3], [0, 0, 0, 0], [-0.3, 0.408, 0, 0], [0, 0, 0, 0], [0, 0, 0, 0], [0, 0, 0, 0], [0, 0, 0, 0], [0, 0, 0, 0], [0, 0, 0, 0]]
1
6 0
[[-0.51, -1.971, -0.657, -1.834937099999999], [0.24, -2.49579, -0.8823509999999999, -0.3], [-0.51, -1.971, -0.3, -0.657], [0, -1.53, 0, -0.3], [0, 0.24, -0.3, 0], [-0.198, -0.51, 0, 0], [-0.3, 0, -0.3, -0.3], [0, 0, 0, -0.3], [0, 0, 0, 0], [-0.3, 0.408, 0, 0], [0, 0, 0, 0], [0, 0, 0, 0], [0, 0, 0, 0], [0, 0, 0, 0], [0, 0, 0, 0], [0, 0, 0, 0]]
1
10 2
[[-0.51, -1.971, -0.657, -1.834937099999999], [0.24, -2.49579, -0.8823509999999999, -0.3], [-0.51, -1.971, -0.3, -0.657], [0, -1.53, 0, -0.3], [0, 0.24, -0.3, 0], [-0.198, -0.51, 0, 0], [-0.3, 0, -0.3, -0.3], [0, 0, 0, -0.3], [0, 0, 0, 0], [-0.3, 0.408, 0, 0], [0, 0, -0.3, 0], [0, 0, 0, 0], [0, 0, 0, 0], [0, 0, 0, 0], [0, 0, 0, 0], [0, 0, 0, 0]]
-1
11 3
[[-0.51, -1.971, -0.657, -1.834937099999999], [0.24, -2.49579, -0.8823509999999999, -0.3], [-0.51, -1.971, -0.3, -0.657], [0, -1.53, 0, -0.3], [0, 0.24, -0.3, 0], [-0.198, -0.51, 0, 0], [-0.3, 0, -0.3, -0.3], [0, 0, 0, -0.3], [0, 0, 0, 0], [-0.3, 0.408, 0, 0], [0, 0, -0.3, 0], [0, 0, 0, -0.3], [0, 0, 0, 0], [0, 0, 0, 0], [0, 0, 0, 0], [0, 0, 0, 0]]
1
10 1
[[-0.51, -1.971, -0.657, -1.834937099999999], [0.24, -2.49579, -0.8823509999999999, -0.3], [-0.51, -1.971, -0.3, -0.657], [0, -1.53, 0, -0.3], [0, 0.24, -0.3, 0], [-0.198, -0.51, 0, 0], [-0.3, 0, -0.3, -0.3], [0, 0, 0, -0.3], [0, 0, 0, 0], [-0.3, 0.408, 0, 0], [0, -0.02999999999999999, -0.3, 0], [0, 0, 0, -0.3], [0, 0, 0, 0], [0, 0, 0, 0], [0, 0, 0, 0], [0, 0, 0, 0]]
-1
6 1
[[-0.51, -1.971, -0.657, -1.834937099999999], [0.24, -2.49579, -0.8823509999999999, -0.3], [-0.51, -1.971, -0.3, -0.657], [0, -1.53, 0, -0.3], [0, 0.24, -0.3, 0], [-0.198, -0.51, 0, 0], [-0.3, 0.24, -0.3, -0.3], [0, 0, 0, -0.3], [0, 0, 0, 0], [-0.3, 0.408, 0, 0], [0, -0.02999999999999999, -0.3, 0], [0, 0, 0, -0.3], [0, 0, 0, 0], [0, 0, 0, 0], [0, 0, 0, 0], [0, 0, 0, 0]]
12
11
2 1
[[-0.51, -1.971, -0.657, -1.834937099999999], [0.24, -2.49579, -0.8823509999999999, -0.3], [-0.51, -1.7397, -0.3, -0.657], [0, -1.53, 0, -0.3], [0, 0.24, -0.3, 0], [-0.198, -0.51, 0, 0], [-0.3, 0.24, -0.3, -0.3], [0, 0, 0, -0.3], [0, 0, 0, 0], [-0.3, 0.408, 0, 0], [0, -0.02999999999999999, -0.3, 0], [0, 0, 0, -0.3], [0, 0, 0, 0], [0, 0, 0, 0], [0, 0, 0, 0], [0, 0, 0, 0]]
1
2 2
[[-0.51, -1.971, -0.657, -1.834937099999999], [0.24, -2.49579, -0.8823509999999999, -0.3], [-0.51, -1.7397, -0.51, -0.657], [0, -1.53, 0, -0.3], [0, 0.24, -0.3, 0], [-0.198, -0.51, 0, 0], [-0.3, 0.24, -0.3, -0.3], [0, 0, 0, -0.3], [0, 0, 0, 0], [-0.3, 0.408, 0, 0], [0, -0.02999999999999999, -0.3, 0], [0, 0, 0, -0.3], [0, 0, 0, 0], [0, 0, 0, 0], [0, 0, 0, 0], [0, 0, 0, 0]]
14
13
3 1
[[-0.51, -1.971, -0.657, -1.834937099999999], [0.24, -2.49579, -0.8823509999999999, -0.3], [-0.51, -1.7397, -0.51, -0.657], [0, -1.971, 0, -0.3], [0, 0.24, -0.3, 0], [-0.198, -0.51, 0, 0], [-0.3, 0.24, -0.3, -0.3], [0, 0, 0, -0.3], [0, 0, 0, 0], [-0.3, 0.408, 0, 0], [0, -0.02999999999999999, -0.3, 0], [0, 0, 0, -0.3], [0, 0, 0, 0], [0, 0, 0, 0], [0, 0, 0, 0], [0, 0, 0, 0]]
15
14
3 1
[[-0.51, -1.971, -0.657, -1.834937099999999], [0.24, -2.49579, -0.8823509999999999, -0.3], [-0.51, -1.7397, -0.51, -0.657], [0, -2.2797, 0, -0.3], [0, 0.24, -0.3, 0], [-0.198, -0.51, 0, 0], [-0.3, 0.24, -0.3, -0.3], [0, 0, 0, -0.3], [0, 0, 0, 0], [-0.3, 0.408, 0, 0], [0, -0.02999999999999999, -0.3, 0], [0, 0, 0, -0.3], [0, 0, 0, 0], [0, 0, 0, 0], [0, 0, 0, 0], [0, 0, 0, 0]]
16
15
3 2
[[-0.51, -1.971, -0.657, -1.834937099999999], [0.24, -2.49579, -0.8823509999999999, -0.3], [-0.51, -1.7397, -0.51, -0.657], [0, -2.2797, -0.9, -0.3], [0, 0.24, -0.3, 0], [-0.198, -0.51, 0, 0], [-0.3, 0.24, -0.3, -0.3], [0, 0, 0, -0.3], [0, 0, 0, 0], [-0.3, 0.408, 0, 0], [0, -0.02999999999999999, -0.3, 0], [0, 0, 0, -0.3], [0, 0, 0, 0], [0, 0, 0, 0], [0, 0, 0, 0], [0, 0, 0, 0]]
17
16
3 1
[[-0.51, -1.971, -0.657, -1.834937099999999], [0.24, -2.49579, -0.8823509999999999, -0.3], [-0.51, -1.7397, -0.51, -0.657], [0, -2.49579, -0.9, -0.3], [0, 0.24, -0.3, 0], [-0.198, -0.51, 0, 0], [-0.3, 0.24, -0.3, -0.3], [0, 0, 0, -0.3], [0, 0, 0, 0], [-0.3, 0.408, 0, 0], [0, -0.02999999999999999, -0.3, 0], [0, 0, 0, -0.3], [0, 0, 0, 0], [0, 0, 0, 0], [0, 0, 0, 0], [0, 0, 0, 0]]
1
3 0
[[-0.51, -1.971, -0.657, -1.834937099999999], [0.24, -2.49579, -0.8823509999999999, -0.3], [-0.51, -1.7397, -0.51, -0.657], [-0.3, -2.49579, -0.9, -0.3], [0, 0.24, -0.3, 0], [-0.198, -0.51, 0, 0], [-0.3, 0.24, -0.3, -0.3], [0, 0, 0, -0.3], [0, 0, 0, 0], [-0.3, 0.408, 0, 0], [0, -0.02999999999999999, -0.3, 0], [0, 0, 0, -0.3], [0, 0, 0, 0], [0, 0, 0, 0], [0, 0, 0, 0], [0, 0, 0, 0]]
-1
7 3
[[-0.51, -1.971, -0.657, -1.834937099999999], [0.24, -2.49579, -0.8823509999999999, -0.3], [-0.51, -1.7397, -0.51, -0.657], [-0.3, -2.49579, -0.9, -0.3], [0, 0.24, -0.3, 0], [-0.198, -0.51, 0, 0], [-0.3, 0.24, -0.3, -0.3], [0, 0, 0, -0.24], [0, 0, 0, 0], [-0.3, 0.408, 0, 0], [0, -0.02999999999999999, -0.3, 0], [0, 0, 0, -0.3], [0, 0, 0, 0], [0, 0, 0, 0], [0, 0, 0, 0], [0, 0, 0, 0]]
-1
6 1
[[-0.51, -1.971, -0.657, -1.834937099999999], [0.24, -2.49579, -0.8823509999999999, -0.3], [-0.51, -1.7397, -0.51, -0.657], [-0.3, -2.49579, -0.9, -0.3], [0, 0.24, -0.3, 0], [-0.198, -0.51, 0, 0], [-0.3, -0.132, -0.3, -0.3], [0, 0, 0, -0.24], [0, 0, 0, 0], [-0.3, 0.408, 0, 0], [0, -0.02999999999999999, -0.3, 0], [0, 0, 0, -0.3], [0, 0, 0, 0], [0, 0, 0, 0], [0, 0, 0, 0], [0, 0, 0, 0]]
21
20
2 1
[[-0.51, -1.971, -0.657, -1.834937099999999], [0.24, -2.49579, -0.8823509999999999, -0.3], [-0.51, -2.117789999999999, -0.51, -0.657], [-0.3, -2.49579, -0.9, -0.3], [0, 0.24, -0.3, 0], [-0.198, -0.51, 0, 0], [-0.3, -0.132, -0.3, -0.3], [0, 0, 0, -0.24], [0, 0, 0, 0], [-0.3, 0.408, 0, 0], [0, -0.02999999999999999, -0.3, 0], [0, 0, 0, -0.3], [0, 0, 0, 0], [0, 0, 0, 0], [0, 0, 0, 0], [0, 0, 0, 0]]
1
2 0
[[-0.51, -1.971, -0.657, -1.834937099999999], [0.24, -2.49579, -0.8823509999999999, -0.3], [-0.387, -2.117789999999999, -0.51, -0.657], [-0.3, -2.49579, -0.9, -0.3], [0, 0.24, -0.3, 0], [-0.198, -0.51, 0, 0], [-0.3, -0.132, -0.3, -0.3], [0, 0, 0, -0.24], [0, 0, 0, 0], [-0.3, 0.408, 0, 0], [0, -0.02999999999999999, -0.3, 0], [0, 0, 0, -0.3], [0, 0, 0, 0], [0, 0, 0, 0], [0, 0, 0, 0], [0, 0, 0, 0]]
1
0 2
[[-0.51, -1.971, -0.7599, -1.834937099999999], [0.24, -2.49579, -0.8823509999999999, -0.3], [-0.387, -2.117789999999999, -0.51, -0.657], [-0.3, -2.49579, -0.9, -0.3], [0, 0.24, -0.3, 0], [-0.198, -0.51, 0, 0], [-0.3, -0.132, -0.3, -0.3], [0, 0, 0, -0.24], [0, 0, 0, 0], [-0.3, 0.408, 0, 0], [0, -0.02999999999999999, -0.3, 0], [0, 0, 0, -0.3], [0, 0, 0, 0], [0, 0, 0, 0], [0, 0, 0, 0], [0, 0, 0, 0]]
1
1 2
[[-0.51, -1.971, -0.7599, -1.834937099999999], [0.24, -2.49579, -0.9176456999999997, -0.3], [-0.387, -2.117789999999999, -0.51, -0.657], [-0.3, -2.49579, -0.9, -0.3], [0, 0.24, -0.3, 0], [-0.198, -0.51, 0, 0], [-0.3, -0.132, -0.3, -0.3], [0, 0, 0, -0.24], [0, 0, 0, 0], [-0.3, 0.408, 0, 0], [0, -0.02999999999999999, -0.3, 0], [0, 0, 0, -0.3], [0, 0, 0, 0], [0, 0, 0, 0], [0, 0, 0, 0], [0, 0, 0, 0]]
1
2 0
[[-0.51, -1.971, -0.7599, -1.834937099999999], [0.24, -2.49579, -0.9176456999999997, -0.3], [-0.3008999999999999, -2.117789999999999, -0.51, -0.657], [-0.3, -2.49579, -0.9, -0.3], [0, 0.24, -0.3, 0], [-0.198, -0.51, 0, 0], [-0.3, -0.132, -0.3, -0.3], [0, 0, 0, -0.24], [0, 0, 0, 0], [-0.3, 0.408, 0, 0], [0, -0.02999999999999999, -0.3, 0], [0, 0, 0, -0.3], [0, 0, 0, 0], [0, 0, 0, 0], [0, 0, 0, 0], [0, 0, 0, 0]]
1
6 2
[[-0.51, -1.971, -0.7599, -1.834937099999999], [0.24, -2.49579, -0.9176456999999997, -0.3], [-0.3008999999999999, -2.117789999999999, -0.51, -0.657], [-0.3, -2.49579, -0.9, -0.3], [0, 0.24, -0.3, 0], [-0.198, -0.51, 0, 0], [-0.3, -0.132, -0.51, -0.3], [0, 0, 0, -0.24], [0, 0, 0, 0], [-0.3, 0.408, 0, 0], [0, -0.02999999999999999, -0.3, 0], [0, 0, 0, -0.3], [0, 0, 0, 0], [0, 0, 0, 0], [0, 0, 0, 0], [0, 0, 0, 0]]
-1
7 1
[[-0.51, -1.971, -0.7599, -1.834937099999999], [0.24, -2.49579, -0.9176456999999997, -0.3], [-0.3008999999999999, -2.117789999999999, -0.51, -0.657], [-0.3, -2.49579, -0.9, -0.3], [0, 0.24, -0.3, 0], [-0.198, -0.51, 0, 0], [-0.3, -0.132, -0.51, -0.3], [0, -0.3, 0, -0.24], [0, 0, 0, 0], [-0.3, 0.408, 0, 0], [0, -0.02999999999999999, -0.3, 0], [0, 0, 0, -0.3], [0, 0, 0, 0], [0, 0, 0, 0], [0, 0, 0, 0], [0, 0, 0, 0]]
1
3 0
[[-0.51, -1.971, -0.7599, -1.834937099999999], [0.24, -2.49579, -0.9176456999999997, -0.3], [-0.3008999999999999, -2.117789999999999, -0.51, -0.657], [-0.51, -2.49579, -0.9, -0.3], [0, 0.24, -0.3, 0], [-0.198, -0.51, 0, 0], [-0.3, -0.132, -0.51, -0.3], [0, -0.3, 0, -0.24], [0, 0, 0, 0], [-0.3, 0.408, 0, 0], [0, -0.02999999999999999, -0.3, 0], [0, 0, 0, -0.3], [0, 0, 0, 0], [0, 0, 0, 0], [0, 0, 0, 0], [0, 0, 0, 0]]
1
7 0
[[-0.51, -1.971, -0.7599, -1.834937099999999], [0.24, -2.49579, -0.9176456999999997, -0.3], [-0.3008999999999999, -2.117789999999999, -0.51, -0.657], [-0.51, -2.49579, -0.9, -0.3], [0, 0.24, -0.3, 0], [-0.198, -0.51, 0, 0], [-0.3, -0.132, -0.51, -0.3], [-0.3, -0.3, 0, -0.24], [0, 0, 0, 0], [-0.3, 0.408, 0, 0], [0, -0.02999999999999999, -0.3, 0], [0, 0, 0, -0.3], [0, 0, 0, 0], [0, 0, 0, 0], [0, 0, 0, 0], [0, 0, 0, 0]]
1
11 0
[[-0.51, -1.971, -0.7599, -1.834937099999999], [0.24, -2.49579, -0.9176456999999997, -0.3], [-0.3008999999999999, -2.117789999999999, -0.51, -0.657], [-0.51, -2.49579, -0.9, -0.3], [0, 0.24, -0.3, 0], [-0.198, -0.51, 0, 0], [-0.3, -0.132, -0.51, -0.3], [-0.3, -0.3, 0, -0.24], [0, 0, 0, 0], [-0.3, 0.408, 0, 0], [0, -0.02999999999999999, -0.3, 0], [1.5, 0, 0, -0.3], [0, 0, 0, 0], [0, 0, 0, 0], [0, 0, 0, 0], [0, 0, 0, 0]]
-1
0 0
[[-0.387, -1.971, -0.7599, -1.834937099999999], [0.24, -2.49579, -0.9176456999999997, -0.3], [-0.3008999999999999, -2.117789999999999, -0.51, -0.657], [-0.51, -2.49579, -0.9, -0.3], [0, 0.24, -0.3, 0], [-0.198, -0.51, 0, 0], [-0.3, -0.132, -0.51, -0.3], [-0.3, -0.3, 0, -0.24], [0, 0, 0, 0], [-0.3, 0.408, 0, 0], [0, -0.02999999999999999, -0.3, 0], [1.5, 0, 0, -0.3], [0, 0, 0, 0], [0, 0, 0, 0], [0, 0, 0, 0], [0, 0, 0, 0]]
1
4 1
[[-0.387, -1.971, -0.7599, -1.834937099999999], [0.24, -2.49579, -0.9176456999999997, -0.3], [-0.3008999999999999, -2.117789999999999, -0.51, -0.657], [-0.51, -2.49579, -0.9, -0.3], [0, -0.132, -0.3, 0], [-0.198, -0.51, 0, 0], [-0.3, -0.132, -0.51, -0.3], [-0.3, -0.3, 0, -0.24], [0, 0, 0, 0], [-0.3, 0.408, 0, 0], [0, -0.02999999999999999, -0.3, 0], [1.5, 0, 0, -0.3], [0, 0, 0, 0], [0, 0, 0, 0], [0, 0, 0, 0], [0, 0, 0, 0]]
2
1
0 1
[[-0.387, -2.2797, -0.7599, -1.834937099999999], [0.24, -2.49579, -0.9176456999999997, -0.3], [-0.3008999999999999, -2.117789999999999, -0.51, -0.657], [-0.51, -2.49579, -0.9, -0.3], [0, -0.132, -0.3, 0], [-0.198, -0.51, 0, 0], [-0.3, -0.132, -0.51, -0.3], [-0.3, -0.3, 0, -0.24], [0, 0, 0, 0], [-0.3, 0.408, 0, 0], [0, -0.02999999999999999, -0.3, 0], [1.5, 0, 0, -0.3], [0, 0, 0, 0], [0, 0, 0, 0], [0, 0, 0, 0], [0, 0, 0, 0]]
1
0 2
[[-0.387, -2.2797, -0.83193, -1.834937099999999], [0.24, -2.49579, -0.9176456999999997, -0.3], [-0.3008999999999999, -2.117789999999999, -0.51, -0.657], [-0.51, -2.49579, -0.9, -0.3], [0, -0.132, -0.3, 0], [-0.198, -0.51, 0, 0], [-0.3, -0.132, -0.51, -0.3], [-0.3, -0.3, 0, -0.24], [0, 0, 0, 0], [-0.3, 0.408, 0, 0], [0, -0.02999999999999999, -0.3, 0], [1.5, 0, 0, -0.3], [0, 0, 0, 0], [0, 0, 0, 0], [0, 0, 0, 0], [0, 0, 0, 0]]
1
1 2
[[-0.387, -2.2797, -0.83193, -1.834937099999999], [0.24, -2.49579, -0.9423519899999997, -0.3], [-0.3008999999999999, -2.117789999999999, -0.51, -0.657], [-0.51, -2.49579, -0.9, -0.3], [0, -0.132, -0.3, 0], [-0.198, -0.51, 0, 0], [-0.3, -0.132, -0.51, -0.3], [-0.3, -0.3, 0, -0.24], [0, 0, 0, 0], [-0.3, 0.408, 0, 0], [0, -0.02999999999999999, -0.3, 0], [1.5, 0, 0, -0.3], [0, 0, 0, 0], [0, 0, 0, 0], [0, 0, 0, 0], [0, 0, 0, 0]]
1
2 0
[[-0.387, -2.2797, -0.83193, -1.834937099999999], [0.24, -2.49579, -0.9423519899999997, -0.3], [-0.2406299999999999, -2.117789999999999, -0.51, -0.657], [-0.51, -2.49579, -0.9, -0.3], [0, -0.132, -0.3, 0], [-0.198, -0.51, 0, 0], [-0.3, -0.132, -0.51, -0.3], [-0.3, -0.3, 0, -0.24], [0, 0, 0, 0], [-0.3, 0.408, 0, 0], [0, -0.02999999999999999, -0.3, 0], [1.5, 0, 0, -0.3], [0, 0, 0, 0], [0, 0, 0, 0], [0, 0, 0, 0], [0, 0, 0, 0]]
1
6 0
[[-0.387, -2.2797, -0.83193, -1.834937099999999], [0.24, -2.49579, -0.9423519899999997, -0.3], [-0.2406299999999999, -2.117789999999999, -0.51, -0.657], [-0.51, -2.49579, -0.9, -0.3], [0, -0.132, -0.3, 0], [-0.198, -0.51, 0, 0], [-0.51, -0.132, -0.51, -0.3], [-0.3, -0.3, 0, -0.24], [0, 0, 0, 0], [-0.3, 0.408, 0, 0], [0, -0.02999999999999999, -0.3, 0], [1.5, 0, 0, -0.3], [0, 0, 0, 0], [0, 0, 0, 0], [0, 0, 0, 0], [0, 0, 0, 0]]
1
10 2
[[-0.387, -2.2797, -0.83193, -1.834937099999999], [0.24, -2.49579, -0.9423519899999997, -0.3], [-0.2406299999999999, -2.117789999999999, -0.51, -0.657], [-0.51, -2.49579, -0.9, -0.3], [0, -0.132, -0.3, 0], [-0.198, -0.51, 0, 0], [-0.51, -0.132, -0.51, -0.3], [-0.3, -0.3, 0, -0.24], [0, 0, 0, 0], [-0.3, 0.408, 0, 0], [0, -0.02999999999999999, -0.51, 0], [1.5, 0, 0, -0.3], [0, 0, 0, 0], [0, 0, 0, 0], [0, 0, 0, 0], [0, 0, 0, 0]]
1
11 0
[[-0.387, -2.2797, -0.83193, -1.834937099999999], [0.24, -2.49579, -0.9423519899999997, -0.3], [-0.2406299999999999, -2.117789999999999, -0.51, -0.657], [-0.51, -2.49579, -0.9, -0.3], [0, -0.132, -0.3, 0], [-0.198, -0.51, 0, 0], [-0.51, -0.132, -0.51, -0.3], [-0.3, -0.3, 0, -0.24], [0, 0, 0, 0], [-0.3, 0.408, 0, 0], [0, -0.02999999999999999, -0.51, 0], [2.55, 0, 0, -0.3], [0, 0, 0, 0], [0, 0, 0, 0], [0, 0, 0, 0], [0, 0, 0, 0]]
[[-3, 0, 5, 0], [-1, 0, 8, -1], [5, 0, 2, -3], [2, 0, 0, -1], [0, 2, 1, 0], [-3, 2, 0, 0], [2, -2, 2, -1], [1, -1, 0, -2], [0, 0, 0, 0], [-1, 2, 0, 0], [0, 1, 2, 0], [2, 0, 0, -1], [0, 0, 0, 0], [0, 0, 0, 0], [0, 0, 0, 0], [0, 0, 0, 0]]
0 2
[[-0.387, -2.2797, -0.8823509999999999, -1.834937099999999], [0.24, -2.49579, -0.9423519899999997, -0.3], [-0.2406299999999999, -2.117789999999999, -0.51, -0.657], [-0.51, -2.49579, -0.9, -0.3], [0, -0.132, -0.3, 0], [-0.198, -0.51, 0, 0], [-0.51, -0.132, -0.51, -0.3], [-0.3, -0.3, 0, -0.24], [0, 0, 0, 0], [-0.3, 0.408, 0, 0], [0, -0.02999999999999999, -0.51, 0], [2.55, 0, 0, -0.3], [0, 0, 0, 0], [0, 0, 0, 0], [0, 0, 0, 0], [0, 0, 0, 0]]
1 2
[[-0.387, -2.2797, -0.8823509999999999, -1.834937099999999], [0.24, -2.49579, -0.9596463929999997, -0.3], [-0.2406299999999999, -2.117789999999999, -0.51, -0.657], [-0.51, -2.49579, -0.9, -0.3], [0, -0.132, -0.3, 0], [-0.198, -0.51, 0, 0], [-0.51, -0.132, -0.51, -0.3], [-0.3, -0.3, 0, -0.24], [0, 0, 0, 0], [-0.3, 0.408, 0, 0], [0, -0.02999999999999999, -0.51, 0], [2.55, 0, 0, -0.3], [0, 0, 0, 0], [0, 0, 0, 0], [0, 0, 0, 0], [0, 0, 0, 0]]
2 2
[[-0.387, -2.2797, -0.8823509999999999, -1.834937099999999], [0.24, -2.49579, -0.9596463929999997, -0.3], [-0.2406299999999999, -2.117789999999999, 0.153, -0.657], [-0.51, -2.49579, -0.9, -0.3], [0, -0.132, -0.3, 0], [-0.198, -0.51, 0, 0], [-0.51, -0.132, -0.51, -0.3], [-0.3, -0.3, 0, -0.24], [0, 0, 0, 0], [-0.3, 0.408, 0, 0], [0, -0.02999999999999999, -0.51, 0], [2.55, 0, 0, -0.3], [0, 0, 0, 0], [0, 0, 0, 0], [0, 0, 0, 0], [0, 0, 0, 0]]
3 0
[[-0.387, -2.2797, -0.8823509999999999, -1.834937099999999], [0.24, -2.49579, -0.9596463929999997, -0.3], [-0.2406299999999999, -2.117789999999999, 0.153, -0.657], [-0.117, -2.49579, -0.9, -0.3], [0, -0.132, -0.3, 0], [-0.198, -0.51, 0, 0], [-0.51, -0.132, -0.51, -0.3], [-0.3, -0.3, 0, -0.24], [0, 0, 0, 0], [-0.3, 0.408, 0, 0], [0, -0.02999999999999999, -0.51, 0], [2.55, 0, 0, -0.3], [0, 0, 0, 0], [0, 0, 0, 0], [0, 0, 0, 0], [0, 0, 0, 0]]
4
3
7 2
[[-0.387, -2.2797, -0.8823509999999999, -1.834937099999999], [0.24, -2.49579, -0.9596463929999997, -0.3], [-0.2406299999999999, -2.117789999999999, 0.153, -0.657], [-0.117, -2.49579, -0.9, -0.3], [0, -0.132, -0.3, 0], [-0.198, -0.51, 0, 0], [-0.51, -0.132, -0.51, -0.3], [-0.3, -0.3, -0.36, -0.24], [0, 0, 0, 0], [-0.3, 0.408, 0, 0], [0, -0.02999999999999999, -0.51, 0], [2.55, 0, 0, -0.3], [0, 0, 0, 0], [0, 0, 0, 0], [0, 0, 0, 0], [0, 0, 0, 0]]
7 0
[[-0.387, -2.2797, -0.8823509999999999, -1.834937099999999], [0.24, -2.49579, -0.9596463929999997, -0.3], [-0.2406299999999999, -2.117789999999999, 0.153, -0.657], [-0.117, -2.49579, -0.9, -0.3], [0, -0.132, -0.3, 0], [-0.198, -0.51, 0, 0], [-0.51, -0.132, -0.51, -0.3], [-0.51, -0.3, -0.36, -0.24], [0, 0, 0, 0], [-0.3, 0.408, 0, 0], [0, -0.02999999999999999, -0.51, 0], [2.55, 0, 0, -0.3], [0, 0, 0, 0], [0, 0, 0, 0], [0, 0, 0, 0], [0, 0, 0, 0]]
6
5
11 2
[[-0.387, -2.2797, -0.8823509999999999, -1.834937099999999], [0.24, -2.49579, -0.9596463929999997, -0.3], [-0.2406299999999999, -2.117789999999999, 0.153, -0.657], [-0.117, -2.49579, -0.9, -0.3], [0, -0.132, -0.3, 0], [-0.198, -0.51, 0, 0], [-0.51, -0.132, -0.51, -0.3], [-0.51, -0.3, -0.36, -0.24], [0, 0, 0, 0], [-0.3, 0.408, 0, 0], [0, -0.02999999999999999, -0.51, 0], [2.55, 0, -0.9, -0.3], [0, 0, 0, 0], [0, 0, 0, 0], [0, 0, 0, 0], [0, 0, 0, 0]]
11 0
[[-0.387, -2.2797, -0.8823509999999999, -1.834937099999999], [0.24, -2.49579, -0.9596463929999997, -0.3], [-0.2406299999999999, -2.117789999999999, 0.153, -0.657], [-0.117, -2.49579, -0.9, -0.3], [0, -0.132, -0.3, 0], [-0.198, -0.51, 0, 0], [-0.51, -0.132, -0.51, -0.3], [-0.51, -0.3, -0.36, -0.24], [0, 0, 0, 0], [-0.3, 0.408, 0, 0], [0, -0.02999999999999999, -0.51, 0], [3.285, 0, -0.9, -0.3], [0, 0, 0, 0], [0, 0, 0, 0], [0, 0, 0, 0], [0, 0, 0, 0]]
0 2
[[-0.387, -2.2797, -0.9176456999999997, -1.834937099999999], [0.24, -2.49579, -0.9596463929999997, -0.3], [-0.2406299999999999, -2.117789999999999, 0.153, -0.657], [-0.117, -2.49579, -0.9, -0.3], [0, -0.132, -0.3, 0], [-0.198, -0.51, 0, 0], [-0.51, -0.132, -0.51, -0.3], [-0.51, -0.3, -0.36, -0.24], [0, 0, 0, 0], [-0.3, 0.408, 0, 0], [0, -0.02999999999999999, -0.51, 0], [3.285, 0, -0.9, -0.3], [0, 0, 0, 0], [0, 0, 0, 0], [0, 0, 0, 0], [0, 0, 0, 0]]
1 0
[[-0.387, -2.2797, -0.9176456999999997, -1.834937099999999], [0.408, -2.49579, -0.9596463929999997, -0.3], [-0.2406299999999999, -2.117789999999999, 0.153, -0.657], [-0.117, -2.49579, -0.9, -0.3], [0, -0.132, -0.3, 0], [-0.198, -0.51, 0, 0], [-0.51, -0.132, -0.51, -0.3], [-0.51, -0.3, -0.36, -0.24], [0, 0, 0, 0], [-0.3, 0.408, 0, 0], [0, -0.02999999999999999, -0.51, 0], [3.285, 0, -0.9, -0.3], [0, 0, 0, 0], [0, 0, 0, 0], [0, 0, 0, 0], [0, 0, 0, 0]]
5 2
[[-0.387, -2.2797, -0.9176456999999997, -1.834937099999999], [0.408, -2.49579, -0.9596463929999997, -0.3], [-0.2406299999999999, -2.117789999999999, 0.153, -0.657], [-0.117, -2.49579, -0.9, -0.3], [0, -0.132, -0.3, 0], [-0.198, -0.51, -0.02999999999999999, 0], [-0.51, -0.132, -0.51, -0.3], [-0.51, -0.3, -0.36, -0.24], [0, 0, 0, 0], [-0.3, 0.408, 0, 0], [0, -0.02999999999999999, -0.51, 0], [3.285, 0, -0.9, -0.3], [0, 0, 0, 0], [0, 0, 0, 0], [0, 0, 0, 0], [0, 0, 0, 0]]
6 0
[[-0.387, -2.2797, -0.9176456999999997, -1.834937099999999], [0.408, -2.49579, -0.9596463929999997, -0.3], [-0.2406299999999999, -2.117789999999999, 0.153, -0.657], [-0.117, -2.49579, -0.9, -0.3], [0, -0.132, -0.3, 0], [-0.198, -0.51, -0.02999999999999999, 0], [-0.657, -0.132, -0.51, -0.3], [-0.51, -0.3, -0.36, -0.24], [0, 0, 0, 0], [-0.3, 0.408, 0, 0], [0, -0.02999999999999999, -0.51, 0], [3.285, 0, -0.9, -0.3], [0, 0, 0, 0], [0, 0, 0, 0], [0, 0, 0, 0], [0, 0, 0, 0]]
10 1
[[-0.387, -2.2797, -0.9176456999999997, -1.834937099999999], [0.408, -2.49579, -0.9596463929999997, -0.3], [-0.2406299999999999, -2.117789999999999, 0.153, -0.657], [-0.117, -2.49579, -0.9, -0.3], [0, -0.132, -0.3, 0], [-0.198, -0.51, -0.02999999999999999, 0], [-0.657, -0.132, -0.51, -0.3], [-0.51, -0.3, -0.36, -0.24], [0, 0, 0, 0], [-0.3, 0.408, 0, 0], [0, -0.05099999999999999, -0.51, 0], [3.285, 0, -0.9, -0.3], [0, 0, 0, 0], [0, 0, 0, 0], [0, 0, 0, 0], [0, 0, 0, 0]]
6 2
[[-0.387, -2.2797, -0.9176456999999997, -1.834937099999999], [0.408, -2.49579, -0.9596463929999997, -0.3], [-0.2406299999999999, -2.117789999999999, 0.153, -0.657], [-0.117, -2.49579, -0.9, -0.3], [0, -0.132, -0.3, 0], [-0.198, -0.51, -0.02999999999999999, 0], [-0.657, -0.132, 0.153, -0.3], [-0.51, -0.3, -0.36, -0.24], [0, 0, 0, 0], [-0.3, 0.408, 0, 0], [0, -0.05099999999999999, -0.51, 0], [3.285, 0, -0.9, -0.3], [0, 0, 0, 0], [0, 0, 0, 0], [0, 0, 0, 0], [0, 0, 0, 0]]
7 0
[[-0.387, -2.2797, -0.9176456999999997, -1.834937099999999], [0.408, -2.49579, -0.9596463929999997, -0.3], [-0.2406299999999999, -2.117789999999999, 0.153, -0.657], [-0.117, -2.49579, -0.9, -0.3], [0, -0.132, -0.3, 0], [-0.198, -0.51, -0.02999999999999999, 0], [-0.657, -0.132, 0.153, -0.3], [-0.657, -0.3, -0.36, -0.24], [0, 0, 0, 0], [-0.3, 0.408, 0, 0], [0, -0.05099999999999999, -0.51, 0], [3.285, 0, -0.9, -0.3], [0, 0, 0, 0], [0, 0, 0, 0], [0, 0, 0, 0], [0, 0, 0, 0]]
11 0
[[-0.387, -2.2797, -0.9176456999999997, -1.834937099999999], [0.408, -2.49579, -0.9596463929999997, -0.3], [-0.2406299999999999, -2.117789999999999, 0.153, -0.657], [-0.117, -2.49579, -0.9, -0.3], [0, -0.132, -0.3, 0], [-0.198, -0.51, -0.02999999999999999, 0], [-0.657, -0.132, 0.153, -0.3], [-0.657, -0.3, -0.36, -0.24], [0, 0, 0, 0], [-0.3, 0.408, 0, 0], [0, -0.05099999999999999, -0.51, 0], [3.7995, 0, -0.9, -0.3], [0, 0, 0, 0], [0, 0, 0, 0], [0, 0, 0, 0], [0, 0, 0, 0]]
0 2
[[-0.387, -2.2797, -0.9423519899999997, -1.834937099999999], [0.408, -2.49579, -0.9596463929999997, -0.3], [-0.2406299999999999, -2.117789999999999, 0.153, -0.657], [-0.117, -2.49579, -0.9, -0.3], [0, -0.132, -0.3, 0], [-0.198, -0.51, -0.02999999999999999, 0], [-0.657, -0.132, 0.153, -0.3], [-0.657, -0.3, -0.36, -0.24], [0, 0, 0, 0], [-0.3, 0.408, 0, 0], [0, -0.05099999999999999, -0.51, 0], [3.7995, 0, -0.9, -0.3], [0, 0, 0, 0], [0, 0, 0, 0], [0, 0, 0, 0], [0, 0, 0, 0]]
1 0
[[-0.387, -2.2797, -0.9423519899999997, -1.834937099999999], [0.7956, -2.49579, -0.9596463929999997, -0.3], [-0.2406299999999999, -2.117789999999999, 0.153, -0.657], [-0.117, -2.49579, -0.9, -0.3], [0, -0.132, -0.3, 0], [-0.198, -0.51, -0.02999999999999999, 0], [-0.657, -0.132, 0.153, -0.3], [-0.657, -0.3, -0.36, -0.24], [0, 0, 0, 0], [-0.3, 0.408, 0, 0], [0, -0.05099999999999999, -0.51, 0], [3.7995, 0, -0.9, -0.3], [0, 0, 0, 0], [0, 0, 0, 0], [0, 0, 0, 0], [0, 0, 0, 0]]
5 2
[[-0.387, -2.2797, -0.9423519899999997, -1.834937099999999], [0.7956, -2.49579, -0.9596463929999997, -0.3], [-0.2406299999999999, -2.117789999999999, 0.153, -0.657], [-0.117, -2.49579, -0.9, -0.3], [0, -0.132, -0.3, 0], [-0.198, -0.51, 0.219, 0], [-0.657, -0.132, 0.153, -0.3], [-0.657, -0.3, -0.36, -0.24], [0, 0, 0, 0], [-0.3, 0.408, 0, 0], [0, -0.05099999999999999, -0.51, 0], [3.7995, 0, -0.9, -0.3], [0, 0, 0, 0], [0, 0, 0, 0], [0, 0, 0, 0], [0, 0, 0, 0]]
6 2
[[-0.387, -2.2797, -0.9423519899999997, -1.834937099999999], [0.7956, -2.49579, -0.9596463929999997, -0.3], [-0.2406299999999999, -2.117789999999999, 0.153, -0.657], [-0.117, -2.49579, -0.9, -0.3], [0, -0.132, -0.3, 0], [-0.198, -0.51, 0.219, 0], [-0.657, -0.132, 0.6170999999999999, -0.3], [-0.657, -0.3, -0.36, -0.24], [0, 0, 0, 0], [-0.3, 0.408, 0, 0], [0, -0.05099999999999999, -0.51, 0], [3.7995, 0, -0.9, -0.3], [0, 0, 0, 0], [0, 0, 0, 0], [0, 0, 0, 0], [0, 0, 0, 0]]
4
3
7 2
[[-0.387, -2.2797, -0.9423519899999997, -1.834937099999999], [0.7956, -2.49579, -0.9596463929999997, -0.3], [-0.2406299999999999, -2.117789999999999, 0.153, -0.657], [-0.117, -2.49579, -0.9, -0.3], [0, -0.132, -0.3, 0], [-0.198, -0.51, 0.219, 0], [-0.657, -0.132, 0.6170999999999999, -0.3], [-0.657, -0.3, -0.342, -0.24], [0, 0, 0, 0], [-0.3, 0.408, 0, 0], [0, -0.05099999999999999, -0.51, 0], [3.7995, 0, -0.9, -0.3], [0, 0, 0, 0], [0, 0, 0, 0], [0, 0, 0, 0], [0, 0, 0, 0]]
7 0
[[-0.387, -2.2797, -0.9423519899999997, -1.834937099999999], [0.7956, -2.49579, -0.9596463929999997, -0.3], [-0.2406299999999999, -2.117789999999999, 0.153, -0.657], [-0.117, -2.49579, -0.9, -0.3], [0, -0.132, -0.3, 0], [-0.198, -0.51, 0.219, 0], [-0.657, -0.132, 0.6170999999999999, -0.3], [-0.7599, -0.3, -0.342, -0.24], [0, 0, 0, 0], [-0.3, 0.408, 0, 0], [0, -0.05099999999999999, -0.51, 0], [3.7995, 0, -0.9, -0.3], [0, 0, 0, 0], [0, 0, 0, 0], [0, 0, 0, 0], [0, 0, 0, 0]]
11 0
[[-0.387, -2.2797, -0.9423519899999997, -1.834937099999999], [0.7956, -2.49579, -0.9596463929999997, -0.3], [-0.2406299999999999, -2.117789999999999, 0.153, -0.657], [-0.117, -2.49579, -0.9, -0.3], [0, -0.132, -0.3, 0], [-0.198, -0.51, 0.219, 0], [-0.657, -0.132, 0.6170999999999999, -0.3], [-0.7599, -0.3, -0.342, -0.24], [0, 0, 0, 0], [-0.3, 0.408, 0, 0], [0, -0.05099999999999999, -0.51, 0], [4.159649999999999, 0, -0.9, -0.3], [0, 0, 0, 0], [0, 0, 0, 0], [0, 0, 0, 0], [0, 0, 0, 0]]
0
-1
0 1
[[-0.387, -2.49579, -0.9423519899999997, -1.834937099999999], [0.7956, -2.49579, -0.9596463929999997, -0.3], [-0.2406299999999999, -2.117789999999999, 0.153, -0.657], [-0.117, -2.49579, -0.9, -0.3], [0, -0.132, -0.3, 0], [-0.198, -0.51, 0.219, 0], [-0.657, -0.132, 0.6170999999999999, -0.3], [-0.7599, -0.3, -0.342, -0.24], [0, 0, 0, 0], [-0.3, 0.408, 0, 0], [0, -0.05099999999999999, -0.51, 0], [4.159649999999999, 0, -0.9, -0.3], [0, 0, 0, 0], [0, 0, 0, 0], [0, 0, 0, 0], [0, 0, 0, 0]]
0 2
[[-0.387, -2.49579, -0.9596463929999997, -1.834937099999999], [0.7956, -2.49579, -0.9596463929999997, -0.3], [-0.2406299999999999, -2.117789999999999, 0.153, -0.657], [-0.117, -2.49579, -0.9, -0.3], [0, -0.132, -0.3, 0], [-0.198, -0.51, 0.219, 0], [-0.657, -0.132, 0.6170999999999999, -0.3], [-0.7599, -0.3, -0.342, -0.24], [0, 0, 0, 0], [-0.3, 0.408, 0, 0], [0, -0.05099999999999999, -0.51, 0], [4.159649999999999, 0, -0.9, -0.3], [0, 0, 0, 0], [0, 0, 0, 0], [0, 0, 0, 0], [0, 0, 0, 0]]
1 0
[[-0.387, -2.49579, -0.9596463929999997, -1.834937099999999], [0.79692, -2.49579, -0.9596463929999997, -0.3], [-0.2406299999999999, -2.117789999999999, 0.153, -0.657], [-0.117, -2.49579, -0.9, -0.3], [0, -0.132, -0.3, 0], [-0.198, -0.51, 0.219, 0], [-0.657, -0.132, 0.6170999999999999, -0.3], [-0.7599, -0.3, -0.342, -0.24], [0, 0, 0, 0], [-0.3, 0.408, 0, 0], [0, -0.05099999999999999, -0.51, 0], [4.159649999999999, 0, -0.9, -0.3], [0, 0, 0, 0], [0, 0, 0, 0], [0, 0, 0, 0], [0, 0, 0, 0]]
5 2
[[-0.387, -2.49579, -0.9596463929999997, -1.834937099999999], [0.79692, -2.49579, -0.9596463929999997, -0.3], [-0.2406299999999999, -2.117789999999999, 0.153, -0.657], [-0.117, -2.49579, -0.9, -0.3], [0, -0.132, -0.3, 0], [-0.198, -0.51, 0.3933, 0], [-0.657, -0.132, 0.6170999999999999, -0.3], [-0.7599, -0.3, -0.342, -0.24], [0, 0, 0, 0], [-0.3, 0.408, 0, 0], [0, -0.05099999999999999, -0.51, 0], [4.159649999999999, 0, -0.9, -0.3], [0, 0, 0, 0], [0, 0, 0, 0], [0, 0, 0, 0], [0, 0, 0, 0]]
6 2
[[-0.387, -2.49579, -0.9596463929999997, -1.834937099999999], [0.79692, -2.49579, -0.9596463929999997, -0.3], [-0.2406299999999999, -2.117789999999999, 0.153, -0.657], [-0.117, -2.49579, -0.9, -0.3], [0, -0.132, -0.3, 0], [-0.198, -0.51, 0.3933, 0], [-0.657, -0.132, 0.9419699999999999, -0.3], [-0.7599, -0.3, -0.342, -0.24], [0, 0, 0, 0], [-0.3, 0.408, 0, 0], [0, -0.05099999999999999, -0.51, 0], [4.159649999999999, 0, -0.9, -0.3], [0, 0, 0, 0], [0, 0, 0, 0], [0, 0, 0, 0], [0, 0, 0, 0]]
5
4
7 2
[[-0.387, -2.49579, -0.9596463929999997, -1.834937099999999], [0.79692, -2.49579, -0.9596463929999997, -0.3], [-0.2406299999999999, -2.117789999999999, 0.153, -0.657], [-0.117, -2.49579, -0.9, -0.3], [0, -0.132, -0.3, 0], [-0.198, -0.51, 0.3933, 0], [-0.657, -0.132, 0.9419699999999999, -0.3], [-0.7599, -0.3, -0.3293999999999999, -0.24], [0, 0, 0, 0], [-0.3, 0.408, 0, 0], [0, -0.05099999999999999, -0.51, 0], [4.159649999999999, 0, -0.9, -0.3], [0, 0, 0, 0], [0, 0, 0, 0], [0, 0, 0, 0], [0, 0, 0, 0]]
7 0
[[-0.387, -2.49579, -0.9596463929999997, -1.834937099999999], [0.79692, -2.49579, -0.9596463929999997, -0.3], [-0.2406299999999999, -2.117789999999999, 0.153, -0.657], [-0.117, -2.49579, -0.9, -0.3], [0, -0.132, -0.3, 0], [-0.198, -0.51, 0.3933, 0], [-0.657, -0.132, 0.9419699999999999, -0.3], [-0.83193, -0.3, -0.3293999999999999, -0.24], [0, 0, 0, 0], [-0.3, 0.408, 0, 0], [0, -0.05099999999999999, -0.51, 0], [4.159649999999999, 0, -0.9, -0.3], [0, 0, 0, 0], [0, 0, 0, 0], [0, 0, 0, 0], [0, 0, 0, 0]]
11 0
[[-0.387, -2.49579, -0.9596463929999997, -1.834937099999999], [0.79692, -2.49579, -0.9596463929999997, -0.3], [-0.2406299999999999, -2.117789999999999, 0.153, -0.657], [-0.117, -2.49579, -0.9, -0.3], [0, -0.132, -0.3, 0], [-0.198, -0.51, 0.3933, 0], [-0.657, -0.132, 0.9419699999999999, -0.3], [-0.83193, -0.3, -0.3293999999999999, -0.24], [0, 0, 0, 0], [-0.3, 0.408, 0, 0], [0, -0.05099999999999999, -0.51, 0], [4.411754999999999, 0, -0.9, -0.3], [0, 0, 0, 0], [0, 0, 0, 0], [0, 0, 0, 0], [0, 0, 0, 0]]
1
0 0
[[-0.5709, -2.49579, -0.9596463929999997, -1.834937099999999], [0.79692, -2.49579, -0.9596463929999997, -0.3], [-0.2406299999999999, -2.117789999999999, 0.153, -0.657], [-0.117, -2.49579, -0.9, -0.3], [0, -0.132, -0.3, 0], [-0.198, -0.51, 0.3933, 0], [-0.657, -0.132, 0.9419699999999999, -0.3], [-0.83193, -0.3, -0.3293999999999999, -0.24], [0, 0, 0, 0], [-0.3, 0.408, 0, 0], [0, -0.05099999999999999, -0.51, 0], [4.411754999999999, 0, -0.9, -0.3], [0, 0, 0, 0], [0, 0, 0, 0], [0, 0, 0, 0], [0, 0, 0, 0]]
1
0
4 3
[[-0.5709, -2.49579, -0.9596463929999997, -1.834937099999999], [0.79692, -2.49579, -0.9596463929999997, -0.3], [-0.2406299999999999, -2.117789999999999, 0.153, -0.657], [-0.117, -2.49579, -0.9, -0.3], [0, -0.132, -0.3, -0.9], [-0.198, -0.51, 0.3933, 0], [-0.657, -0.132, 0.9419699999999999, -0.3], [-0.83193, -0.3, -0.3293999999999999, -0.24], [0, 0, 0, 0], [-0.3, 0.408, 0, 0], [0, -0.05099999999999999, -0.51, 0], [4.411754999999999, 0, -0.9, -0.3], [0, 0, 0, 0], [0, 0, 0, 0], [0, 0, 0, 0], [0, 0, 0, 0]]
1
4 0
[[-0.5709, -2.49579, -0.9596463929999997, -1.834937099999999], [0.79692, -2.49579, -0.9596463929999997, -0.3], [-0.2406299999999999, -2.117789999999999, 0.153, -0.657], [-0.117, -2.49579, -0.9, -0.3], [-0.3, -0.132, -0.3, -0.9], [-0.198, -0.51, 0.3933, 0], [-0.657, -0.132, 0.9419699999999999, -0.3], [-0.83193, -0.3, -0.3293999999999999, -0.24], [0, 0, 0, 0], [-0.3, 0.408, 0, 0], [0, -0.05099999999999999, -0.51, 0], [4.411754999999999, 0, -0.9, -0.3], [0, 0, 0, 0], [0, 0, 0, 0], [0, 0, 0, 0], [0, 0, 0, 0]]
-1
8 2
[[-0.5709, -2.49579, -0.9596463929999997, -1.834937099999999], [0.79692, -2.49579, -0.9596463929999997, -0.3], [-0.2406299999999999, -2.117789999999999, 0.153, -0.657], [-0.117, -2.49579, -0.9, -0.3], [-0.3, -0.132, -0.3, -0.9], [-0.198, -0.51, 0.3933, 0], [-0.657, -0.132, 0.9419699999999999, -0.3], [-0.83193, -0.3, -0.3293999999999999, -0.24], [0, 0, -0.02999999999999999, 0], [-0.3, 0.408, 0, 0], [0, -0.05099999999999999, -0.51, 0], [4.411754999999999, 0, -0.9, -0.3], [0, 0, 0, 0], [0, 0, 0, 0], [0, 0, 0, 0], [0, 0, 0, 0]]
-1
9 1
[[-0.5709, -2.49579, -0.9596463929999997, -1.834937099999999], [0.79692, -2.49579, -0.9596463929999997, -0.3], [-0.2406299999999999, -2.117789999999999, 0.153, -0.657], [-0.117, -2.49579, -0.9, -0.3], [-0.3, -0.132, -0.3, -0.9], [-0.198, -0.51, 0.3933, 0], [-0.657, -0.132, 0.9419699999999999, -0.3], [-0.83193, -0.3, -0.3293999999999999, -0.24], [0, 0, -0.02999999999999999, 0], [-0.3, 0.5255999999999999, 0, 0], [0, -0.05099999999999999, -0.51, 0], [4.411754999999999, 0, -0.9, -0.3], [0, 0, 0, 0], [0, 0, 0, 0], [0, 0, 0, 0], [0, 0, 0, 0]]
-1
5 1
[[-0.5709, -2.49579, -0.9596463929999997, -1.834937099999999], [0.79692, -2.49579, -0.9596463929999997, -0.3], [-0.2406299999999999, -2.117789999999999, 0.153, -0.657], [-0.117, -2.49579, -0.9, -0.3], [-0.3, -0.132, -0.3, -0.9], [-0.198, -0.657, 0.3933, 0], [-0.657, -0.132, 0.9419699999999999, -0.3], [-0.83193, -0.3, -0.3293999999999999, -0.24], [0, 0, -0.02999999999999999, 0], [-0.3, 0.5255999999999999, 0, 0], [0, -0.05099999999999999, -0.51, 0], [4.411754999999999, 0, -0.9, -0.3], [0, 0, 0, 0], [0, 0, 0, 0], [0, 0, 0, 0], [0, 0, 0, 0]]
1
1 0
[[-0.5709, -2.49579, -0.9596463929999997, -1.834937099999999], [0.7978439999999999, -2.49579, -0.9596463929999997, -0.3], [-0.2406299999999999, -2.117789999999999, 0.153, -0.657], [-0.117, -2.49579, -0.9, -0.3], [-0.3, -0.132, -0.3, -0.9], [-0.198, -0.657, 0.3933, 0], [-0.657, -0.132, 0.9419699999999999, -0.3], [-0.83193, -0.3, -0.3293999999999999, -0.24], [0, 0, -0.02999999999999999, 0], [-0.3, 0.5255999999999999, 0, 0], [0, -0.05099999999999999, -0.51, 0], [4.411754999999999, 0, -0.9, -0.3], [0, 0, 0, 0], [0, 0, 0, 0], [0, 0, 0, 0], [0, 0, 0, 0]]
-1
5 2
[[-0.5709, -2.49579, -0.9596463929999997, -1.834937099999999], [0.7978439999999999, -2.49579, -0.9596463929999997, -0.3], [-0.2406299999999999, -2.117789999999999, 0.153, -0.657], [-0.117, -2.49579, -0.9, -0.3], [-0.3, -0.132, -0.3, -0.9], [-0.198, -0.657, 0.5153099999999999, 0], [-0.657, -0.132, 0.9419699999999999, -0.3], [-0.83193, -0.3, -0.3293999999999999, -0.24], [0, 0, -0.02999999999999999, 0], [-0.3, 0.5255999999999999, 0, 0], [0, -0.05099999999999999, -0.51, 0], [4.411754999999999, 0, -0.9, -0.3], [0, 0, 0, 0], [0, 0, 0, 0], [0, 0, 0, 0], [0, 0, 0, 0]]
-1
6 2
[[-0.5709, -2.49579, -0.9596463929999997, -1.834937099999999], [0.7978439999999999, -2.49579, -0.9596463929999997, -0.3], [-0.2406299999999999, -2.117789999999999, 0.153, -0.657], [-0.117, -2.49579, -0.9, -0.3], [-0.3, -0.132, -0.3, -0.9], [-0.198, -0.657, 0.5153099999999999, 0], [-0.657, -0.132, 1.169379, -0.3], [-0.83193, -0.3, -0.3293999999999999, -0.24], [0, 0, -0.02999999999999999, 0], [-0.3, 0.5255999999999999, 0, 0], [0, -0.05099999999999999, -0.51, 0], [4.411754999999999, 0, -0.9, -0.3], [0, 0, 0, 0], [0, 0, 0, 0], [0, 0, 0, 0], [0, 0, 0, 0]]
-1
7 1
[[-0.5709, -2.49579, -0.9596463929999997, -1.834937099999999], [0.7978439999999999, -2.49579, -0.9596463929999997, -0.3], [-0.2406299999999999, -2.117789999999999, 0.153, -0.657], [-0.117, -2.49579, -0.9, -0.3], [-0.3, -0.132, -0.3, -0.9], [-0.198, -0.657, 0.5153099999999999, 0], [-0.657, -0.132, 1.169379, -0.3], [-0.83193, -0.51, -0.3293999999999999, -0.24], [0, 0, -0.02999999999999999, 0], [-0.3, 0.5255999999999999, 0, 0], [0, -0.05099999999999999, -0.51, 0], [4.411754999999999, 0, -0.9, -0.3], [0, 0, 0, 0], [0, 0, 0, 0], [0, 0, 0, 0], [0, 0, 0, 0]]
-1
3 0
[[-0.5709, -2.49579, -0.9596463929999997, -1.834937099999999], [0.7978439999999999, -2.49579, -0.9596463929999997, -0.3], [-0.2406299999999999, -2.117789999999999, 0.153, -0.657], [0.4281000000000001, -2.49579, -0.9, -0.3], [-0.3, -0.132, -0.3, -0.9], [-0.198, -0.657, 0.5153099999999999, 0], [-0.657, -0.132, 1.169379, -0.3], [-0.83193, -0.51, -0.3293999999999999, -0.24], [0, 0, -0.02999999999999999, 0], [-0.3, 0.5255999999999999, 0, 0], [0, -0.05099999999999999, -0.51, 0], [4.411754999999999, 0, -0.9, -0.3], [0, 0, 0, 0], [0, 0, 0, 0], [0, 0, 0, 0], [0, 0, 0, 0]]
1
7 3
[[-0.5709, -2.49579, -0.9596463929999997, -1.834937099999999], [0.7978439999999999, -2.49579, -0.9596463929999997, -0.3], [-0.2406299999999999, -2.117789999999999, 0.153, -0.657], [0.4281000000000001, -2.49579, -0.9, -0.3], [-0.3, -0.132, -0.3, -0.9], [-0.198, -0.657, 0.5153099999999999, 0], [-0.657, -0.132, 1.169379, -0.3], [-0.83193, -0.51, -0.3293999999999999, 0.07200000000000001], [0, 0, -0.02999999999999999, 0], [-0.3, 0.5255999999999999, 0, 0], [0, -0.05099999999999999, -0.51, 0], [4.411754999999999, 0, -0.9, -0.3], [0, 0, 0, 0], [0, 0, 0, 0], [0, 0, 0, 0], [0, 0, 0, 0]]
1
6 3
[[-0.5709, -2.49579, -0.9596463929999997, -1.834937099999999], [0.7978439999999999, -2.49579, -0.9596463929999997, -0.3], [-0.2406299999999999, -2.117789999999999, 0.153, -0.657], [0.4281000000000001, -2.49579, -0.9, -0.3], [-0.3, -0.132, -0.3, -0.9], [-0.198, -0.657, 0.5153099999999999, 0], [-0.657, -0.132, 1.169379, 0.03], [-0.83193, -0.51, -0.3293999999999999, 0.07200000000000001], [0, 0, -0.02999999999999999, 0], [-0.3, 0.5255999999999999, 0, 0], [0, -0.05099999999999999, -0.51, 0], [4.411754999999999, 0, -0.9, -0.3], [0, 0, 0, 0], [0, 0, 0, 0], [0, 0, 0, 0], [0, 0, 0, 0]]
1
5 3
[[-0.5709, -2.49579, -0.9596463929999997, -1.834937099999999], [0.7978439999999999, -2.49579, -0.9596463929999997, -0.3], [-0.2406299999999999, -2.117789999999999, 0.153, -0.657], [0.4281000000000001, -2.49579, -0.9, -0.3], [-0.3, -0.132, -0.3, -0.9], [-0.198, -0.657, 0.5153099999999999, -0.02999999999999999], [-0.657, -0.132, 1.169379, 0.03], [-0.83193, -0.51, -0.3293999999999999, 0.07200000000000001], [0, 0, -0.02999999999999999, 0], [-0.3, 0.5255999999999999, 0, 0], [0, -0.05099999999999999, -0.51, 0], [4.411754999999999, 0, -0.9, -0.3], [0, 0, 0, 0], [0, 0, 0, 0], [0, 0, 0, 0], [0, 0, 0, 0]]
-1
4 1
[[-0.5709, -2.49579, -0.9596463929999997, -1.834937099999999], [0.7978439999999999, -2.49579, -0.9596463929999997, -0.3], [-0.2406299999999999, -2.117789999999999, 0.153, -0.657], [0.4281000000000001, -2.49579, -0.9, -0.3], [-0.3, -0.3923999999999999, -0.3, -0.9], [-0.198, -0.657, 0.5153099999999999, -0.02999999999999999], [-0.657, -0.132, 1.169379, 0.03], [-0.83193, -0.51, -0.3293999999999999, 0.07200000000000001], [0, 0, -0.02999999999999999, 0], [-0.3, 0.5255999999999999, 0, 0], [0, -0.05099999999999999, -0.51, 0], [4.411754999999999, 0, -0.9, -0.3], [0, 0, 0, 0], [0, 0, 0, 0], [0, 0, 0, 0], [0, 0, 0, 0]]
-1
0 2
[[-0.5709, -2.49579, -0.9717524750999997, -1.834937099999999], [0.7978439999999999, -2.49579, -0.9596463929999997, -0.3], [-0.2406299999999999, -2.117789999999999, 0.153, -0.657], [0.4281000000000001, -2.49579, -0.9, -0.3], [-0.3, -0.3923999999999999, -0.3, -0.9], [-0.198, -0.657, 0.5153099999999999, -0.02999999999999999], [-0.657, -0.132, 1.169379, 0.03], [-0.83193, -0.51, -0.3293999999999999, 0.07200000000000001], [0, 0, -0.02999999999999999, 0], [-0.3, 0.5255999999999999, 0, 0], [0, -0.05099999999999999, -0.51, 0], [4.411754999999999, 0, -0.9, -0.3], [0, 0, 0, 0], [0, 0, 0, 0], [0, 0, 0, 0], [0, 0, 0, 0]]
1
1 0
[[-0.5709, -2.49579, -0.9717524750999997, -1.834937099999999], [0.7984907999999998, -2.49579, -0.9596463929999997, -0.3], [-0.2406299999999999, -2.117789999999999, 0.153, -0.657], [0.4281000000000001, -2.49579, -0.9, -0.3], [-0.3, -0.3923999999999999, -0.3, -0.9], [-0.198, -0.657, 0.5153099999999999, -0.02999999999999999], [-0.657, -0.132, 1.169379, 0.03], [-0.83193, -0.51, -0.3293999999999999, 0.07200000000000001], [0, 0, -0.02999999999999999, 0], [-0.3, 0.5255999999999999, 0, 0], [0, -0.05099999999999999, -0.51, 0], [4.411754999999999, 0, -0.9, -0.3], [0, 0, 0, 0], [0, 0, 0, 0], [0, 0, 0, 0], [0, 0, 0, 0]]
1
5 3
[[-0.5709, -2.49579, -0.9717524750999997, -1.834937099999999], [0.7984907999999998, -2.49579, -0.9596463929999997, -0.3], [-0.2406299999999999, -2.117789999999999, 0.153, -0.657], [0.4281000000000001, -2.49579, -0.9, -0.3], [-0.3, -0.3923999999999999, -0.3, -0.9], [-0.198, -0.657, 0.5153099999999999, -0.321], [-0.657, -0.132, 1.169379, 0.03], [-0.83193, -0.51, -0.3293999999999999, 0.07200000000000001], [0, 0, -0.02999999999999999, 0], [-0.3, 0.5255999999999999, 0, 0], [0, -0.05099999999999999, -0.51, 0], [4.411754999999999, 0, -0.9, -0.3], [0, 0, 0, 0], [0, 0, 0, 0], [0, 0, 0, 0], [0, 0, 0, 0]]
-1
4 2
[[-0.5709, -2.49579, -0.9717524750999997, -1.834937099999999], [0.7984907999999998, -2.49579, -0.9596463929999997, -0.3], [-0.2406299999999999, -2.117789999999999, 0.153, -0.657], [0.4281000000000001, -2.49579, -0.9, -0.3], [-0.3, -0.3923999999999999, 0.03, -0.9], [-0.198, -0.657, 0.5153099999999999, -0.321], [-0.657, -0.132, 1.169379, 0.03], [-0.83193, -0.51, -0.3293999999999999, 0.07200000000000001], [0, 0, -0.02999999999999999, 0], [-0.3, 0.5255999999999999, 0, 0], [0, -0.05099999999999999, -0.51, 0], [4.411754999999999, 0, -0.9, -0.3], [0, 0, 0, 0], [0, 0, 0, 0], [0, 0, 0, 0], [0, 0, 0, 0]]
1
5 3
[[-0.5709, -2.49579, -0.9717524750999997, -1.834937099999999], [0.7984907999999998, -2.49579, -0.9596463929999997, -0.3], [-0.2406299999999999, -2.117789999999999, 0.153, -0.657], [0.4281000000000001, -2.49579, -0.9, -0.3], [-0.3, -0.3923999999999999, 0.03, -0.9], [-0.198, -0.657, 0.5153099999999999, 0.01530000000000001], [-0.657, -0.132, 1.169379, 0.03], [-0.83193, -0.51, -0.3293999999999999, 0.07200000000000001], [0, 0, -0.02999999999999999, 0], [-0.3, 0.5255999999999999, 0, 0], [0, -0.05099999999999999, -0.51, 0], [4.411754999999999, 0, -0.9, -0.3], [0, 0, 0, 0], [0, 0, 0, 0], [0, 0, 0, 0], [0, 0, 0, 0]]
1
4 0
[[-0.5709, -2.49579, -0.9717524750999997, -1.834937099999999], [0.7984907999999998, -2.49579, -0.9596463929999997, -0.3], [-0.2406299999999999, -2.117789999999999, 0.153, -0.657], [0.4281000000000001, -2.49579, -0.9, -0.3], [-0.51, -0.3923999999999999, 0.03, -0.9], [-0.198, -0.657, 0.5153099999999999, 0.01530000000000001], [-0.657, -0.132, 1.169379, 0.03], [-0.83193, -0.51, -0.3293999999999999, 0.07200000000000001], [0, 0, -0.02999999999999999, 0], [-0.3, 0.5255999999999999, 0, 0], [0, -0.05099999999999999, -0.51, 0], [4.411754999999999, 0, -0.9, -0.3], [0, 0, 0, 0], [0, 0, 0, 0], [0, 0, 0, 0], [0, 0, 0, 0]]
-1
8 1
[[-0.5709, -2.49579, -0.9717524750999997, -1.834937099999999], [0.7984907999999998, -2.49579, -0.9596463929999997, -0.3], [-0.2406299999999999, -2.117789999999999, 0.153, -0.657], [0.4281000000000001, -2.49579, -0.9, -0.3], [-0.51, -0.3923999999999999, 0.03, -0.9], [-0.198, -0.657, 0.5153099999999999, 0.01530000000000001], [-0.657, -0.132, 1.169379, 0.03], [-0.83193, -0.51, -0.3293999999999999, 0.07200000000000001], [0, 0.24, -0.02999999999999999, 0], [-0.3, 0.5255999999999999, 0, 0], [0, -0.05099999999999999, -0.51, 0], [4.411754999999999, 0, -0.9, -0.3], [0, 0, 0, 0], [0, 0, 0, 0], [0, 0, 0, 0], [0, 0, 0, 0]]
1
4 0
[[-0.5709, -2.49579, -0.9717524750999997, -1.834937099999999], [0.7984907999999998, -2.49579, -0.9596463929999997, -0.3], [-0.2406299999999999, -2.117789999999999, 0.153, -0.657], [0.4281000000000001, -2.49579, -0.9, -0.3], [-0.387, -0.3923999999999999, 0.03, -0.9], [-0.198, -0.657, 0.5153099999999999, 0.01530000000000001], [-0.657, -0.132, 1.169379, 0.03], [-0.83193, -0.51, -0.3293999999999999, 0.07200000000000001], [0, 0.24, -0.02999999999999999, 0], [-0.3, 0.5255999999999999, 0, 0], [0, -0.05099999999999999, -0.51, 0], [4.411754999999999, 0, -0.9, -0.3], [0, 0, 0, 0], [0, 0, 0, 0], [0, 0, 0, 0], [0, 0, 0, 0]]
1
0 0
[[-0.1596299999999999, -2.49579, -0.9717524750999997, -1.834937099999999], [0.7984907999999998, -2.49579, -0.9596463929999997, -0.3], [-0.2406299999999999, -2.117789999999999, 0.153, -0.657], [0.4281000000000001, -2.49579, -0.9, -0.3], [-0.387, -0.3923999999999999, 0.03, -0.9], [-0.198, -0.657, 0.5153099999999999, 0.01530000000000001], [-0.657, -0.132, 1.169379, 0.03], [-0.83193, -0.51, -0.3293999999999999, 0.07200000000000001], [0, 0.24, -0.02999999999999999, 0], [-0.3, 0.5255999999999999, 0, 0], [0, -0.05099999999999999, -0.51, 0], [4.411754999999999, 0, -0.9, -0.3], [0, 0, 0, 0], [0, 0, 0, 0], [0, 0, 0, 0], [0, 0, 0, 0]]
1
4 0
[[-0.1596299999999999, -2.49579, -0.9717524750999997, -1.834937099999999], [0.7984907999999998, -2.49579, -0.9596463929999997, -0.3], [-0.2406299999999999, -2.117789999999999, 0.153, -0.657], [0.4281000000000001, -2.49579, -0.9, -0.3], [-0.3008999999999999, -0.3923999999999999, 0.03, -0.9], [-0.198, -0.657, 0.5153099999999999, 0.01530000000000001], [-0.657, -0.132, 1.169379, 0.03], [-0.83193, -0.51, -0.3293999999999999, 0.07200000000000001], [0, 0.24, -0.02999999999999999, 0], [-0.3, 0.5255999999999999, 0, 0], [0, -0.05099999999999999, -0.51, 0], [4.411754999999999, 0, -0.9, -0.3], [0, 0, 0, 0], [0, 0, 0, 0], [0, 0, 0, 0], [0, 0, 0, 0]]
1
8 0
[[-0.1596299999999999, -2.49579, -0.9717524750999997, -1.834937099999999], [0.7984907999999998, -2.49579, -0.9596463929999997, -0.3], [-0.2406299999999999, -2.117789999999999, 0.153, -0.657], [0.4281000000000001, -2.49579, -0.9, -0.3], [-0.3008999999999999, -0.3923999999999999, 0.03, -0.9], [-0.198, -0.657, 0.5153099999999999, 0.01530000000000001], [-0.657, -0.132, 1.169379, 0.03], [-0.83193, -0.51, -0.3293999999999999, 0.07200000000000001], [1.5, 0.24, -0.02999999999999999, 0], [-0.3, 0.5255999999999999, 0, 0], [0, -0.05099999999999999, -0.51, 0], [4.411754999999999, 0, -0.9, -0.3], [0, 0, 0, 0], [0, 0, 0, 0], [0, 0, 0, 0], [0, 0, 0, 0]]
1
0 0
[[0.128259, -2.49579, -0.9717524750999997, -1.834937099999999], [0.7984907999999998, -2.49579, -0.9596463929999997, -0.3], [-0.2406299999999999, -2.117789999999999, 0.153, -0.657], [0.4281000000000001, -2.49579, -0.9, -0.3], [-0.3008999999999999, -0.3923999999999999, 0.03, -0.9], [-0.198, -0.657, 0.5153099999999999, 0.01530000000000001], [-0.657, -0.132, 1.169379, 0.03], [-0.83193, -0.51, -0.3293999999999999, 0.07200000000000001], [1.5, 0.24, -0.02999999999999999, 0], [-0.3, 0.5255999999999999, 0, 0], [0, -0.05099999999999999, -0.51, 0], [4.411754999999999, 0, -0.9, -0.3], [0, 0, 0, 0], [0, 0, 0, 0], [0, 0, 0, 0], [0, 0, 0, 0]]
1
4 0
[[0.128259, -2.49579, -0.9717524750999997, -1.834937099999999], [0.7984907999999998, -2.49579, -0.9596463929999997, -0.3], [-0.2406299999999999, -2.117789999999999, 0.153, -0.657], [0.4281000000000001, -2.49579, -0.9, -0.3], [-0.5106299999999999, -0.3923999999999999, 0.03, -0.9], [-0.198, -0.657, 0.5153099999999999, 0.01530000000000001], [-0.657, -0.132, 1.169379, 0.03], [-0.83193, -0.51, -0.3293999999999999, 0.07200000000000001], [1.5, 0.24, -0.02999999999999999, 0], [-0.3, 0.5255999999999999, 0, 0], [0, -0.05099999999999999, -0.51, 0], [4.411754999999999, 0, -0.9, -0.3], [0, 0, 0, 0], [0, 0, 0, 0], [0, 0, 0, 0], [0, 0, 0, 0]]
1
8 0
[[0.128259, -2.49579, -0.9717524750999997, -1.834937099999999], [0.7984907999999998, -2.49579, -0.9596463929999997, -0.3], [-0.2406299999999999, -2.117789999999999, 0.153, -0.657], [0.4281000000000001, -2.49579, -0.9, -0.3], [-0.5106299999999999, -0.3923999999999999, 0.03, -0.9], [-0.198, -0.657, 0.5153099999999999, 0.01530000000000001], [-0.657, -0.132, 1.169379, 0.03], [-0.83193, -0.51, -0.3293999999999999, 0.07200000000000001], [2.55, 0.24, -0.02999999999999999, 0], [-0.3, 0.5255999999999999, 0, 0], [0, -0.05099999999999999, -0.51, 0], [4.411754999999999, 0, -0.9, -0.3], [0, 0, 0, 0], [0, 0, 0, 0], [0, 0, 0, 0], [0, 0, 0, 0]]
[[0, 0, 4, 0], [1, 0, 8, -1], [5, 0, 2, -3], [1, 0, 0, -1], [5, 1, 0, 0], [-3, 1, -1, 3], [2, -2, 1, 0], [1, -2, 0, -1], [2, -1, -1, 0], [-1, 1, 0, 0], [0, 1, 2, 0], [2, 0, 0, -1], [0, 0, 0, 0], [0, 0, 0, 0], [0, 0, 0, 0], [0, 0, 0, 0]]
0 2
[[0.128259, -2.49579, -0.9802267325699997, -1.834937099999999], [0.7984907999999998, -2.49579, -0.9596463929999997, -0.3], [-0.2406299999999999, -2.117789999999999, 0.153, -0.657], [0.4281000000000001, -2.49579, -0.9, -0.3], [-0.5106299999999999, -0.3923999999999999, 0.03, -0.9], [-0.198, -0.657, 0.5153099999999999, 0.01530000000000001], [-0.657, -0.132, 1.169379, 0.03], [-0.83193, -0.51, -0.3293999999999999, 0.07200000000000001], [2.55, 0.24, -0.02999999999999999, 0], [-0.3, 0.5255999999999999, 0, 0], [0, -0.05099999999999999, -0.51, 0], [4.411754999999999, 0, -0.9, -0.3], [0, 0, 0, 0], [0, 0, 0, 0], [0, 0, 0, 0], [0, 0, 0, 0]]
Program ended by stop button
